2017-05-26 16:14:06,343 [DEBUG] org.apache.http.client.protocol.RequestAddCookies  - CookieSpec selected: default
2017-05-26 16:14:06,362 [DEBUG] org.apache.http.client.protocol.RequestAuthCache  - Auth cache not set in the context
2017-05-26 16:14:06,364 [DEBUG] org.apache.http.impl.conn.PoolingHttpClientConnectionManager  - Connection request: [route: {}->http://localhost:27446][total kept alive: 0; route allocated: 0 of 2000; total allocated: 0 of 2000]
2017-05-26 16:14:06,386 [DEBUG] org.apache.http.impl.conn.PoolingHttpClientConnectionManager  - Connection leased: [id: 0][route: {}->http://localhost:27446][total kept alive: 0; route allocated: 1 of 2000; total allocated: 1 of 2000]
2017-05-26 16:14:06,388 [DEBUG] org.apache.http.impl.execchain.MainClientExec  - Opening connection {}->http://localhost:27446
2017-05-26 16:14:06,390 [DEBUG] org.apache.http.impl.conn.DefaultHttpClientConnectionOperator  - Connecting to localhost/127.0.0.1:27446
2017-05-26 16:14:06,391 [DEBUG] org.apache.http.impl.conn.DefaultHttpClientConnectionOperator  - Connection established 127.0.0.1:58099<->127.0.0.1:27446
2017-05-26 16:14:06,391 [DEBUG] org.apache.http.impl.conn.DefaultManagedHttpClientConnection  - http-outgoing-0: set socket timeout to 10800000
2017-05-26 16:14:06,391 [DEBUG] org.apache.http.impl.execchain.MainClientExec  - Executing request POST /session HTTP/1.1
2017-05-26 16:14:06,391 [DEBUG] org.apache.http.impl.execchain.MainClientExec  - Target auth state: UNCHALLENGED
2017-05-26 16:14:06,392 [DEBUG] org.apache.http.impl.execchain.MainClientExec  - Proxy auth state: UNCHALLENGED
2017-05-26 16:14:06,394 [DEBUG] org.apache.http.headers  - http-outgoing-0 >> POST /session HTTP/1.1
2017-05-26 16:14:06,395 [DEBUG] org.apache.http.headers  - http-outgoing-0 >> Content-Type: application/json; charset=utf-8
2017-05-26 16:14:06,395 [DEBUG] org.apache.http.headers  - http-outgoing-0 >> Content-Length: 661
2017-05-26 16:14:06,395 [DEBUG] org.apache.http.headers  - http-outgoing-0 >> Host: localhost:27446
2017-05-26 16:14:06,395 [DEBUG] org.apache.http.headers  - http-outgoing-0 >> Connection: Keep-Alive
2017-05-26 16:14:06,395 [DEBUG] org.apache.http.headers  - http-outgoing-0 >> User-Agent: Apache-HttpClient/4.5.2 (Java/1.8.0_131)
2017-05-26 16:14:06,395 [DEBUG] org.apache.http.headers  - http-outgoing-0 >> Accept-Encoding: gzip,deflate
2017-05-26 16:14:06,395 [DEBUG] org.apache.http.wire  - http-outgoing-0 >> "POST /session HTTP/1.1[\r][\n]"
2017-05-26 16:14:06,395 [DEBUG] org.apache.http.wire  - http-outgoing-0 >> "Content-Type: application/json; charset=utf-8[\r][\n]"
2017-05-26 16:14:06,395 [DEBUG] org.apache.http.wire  - http-outgoing-0 >> "Content-Length: 661[\r][\n]"
2017-05-26 16:14:06,396 [DEBUG] org.apache.http.wire  - http-outgoing-0 >> "Host: localhost:27446[\r][\n]"
2017-05-26 16:14:06,396 [DEBUG] org.apache.http.wire  - http-outgoing-0 >> "Connection: Keep-Alive[\r][\n]"
2017-05-26 16:14:06,396 [DEBUG] org.apache.http.wire  - http-outgoing-0 >> "User-Agent: Apache-HttpClient/4.5.2 (Java/1.8.0_131)[\r][\n]"
2017-05-26 16:14:06,396 [DEBUG] org.apache.http.wire  - http-outgoing-0 >> "Accept-Encoding: gzip,deflate[\r][\n]"
2017-05-26 16:14:06,396 [DEBUG] org.apache.http.wire  - http-outgoing-0 >> "[\r][\n]"
2017-05-26 16:14:06,396 [DEBUG] org.apache.http.wire  - http-outgoing-0 >> "{[\n]"
2017-05-26 16:14:06,396 [DEBUG] org.apache.http.wire  - http-outgoing-0 >> "  "desiredCapabilities": {[\n]"
2017-05-26 16:14:06,397 [DEBUG] org.apache.http.wire  - http-outgoing-0 >> "    "browserName": "chrome",[\n]"
2017-05-26 16:14:06,397 [DEBUG] org.apache.http.wire  - http-outgoing-0 >> "    "chromeOptions": {[\n]"
2017-05-26 16:14:06,397 [DEBUG] org.apache.http.wire  - http-outgoing-0 >> "      "args": [],[\n]"
2017-05-26 16:14:06,397 [DEBUG] org.apache.http.wire  - http-outgoing-0 >> "      "extensions": [][\n]"
2017-05-26 16:14:06,397 [DEBUG] org.apache.http.wire  - http-outgoing-0 >> "    },[\n]"
2017-05-26 16:14:06,397 [DEBUG] org.apache.http.wire  - http-outgoing-0 >> "    "version": "",[\n]"
2017-05-26 16:14:06,397 [DEBUG] org.apache.http.wire  - http-outgoing-0 >> "    "platform": "ANY"[\n]"
2017-05-26 16:14:06,397 [DEBUG] org.apache.http.wire  - http-outgoing-0 >> "  },[\n]"
2017-05-26 16:14:06,397 [DEBUG] org.apache.http.wire  - http-outgoing-0 >> "  "requiredCapabilities": {},[\n]"
2017-05-26 16:14:06,397 [DEBUG] org.apache.http.wire  - http-outgoing-0 >> "  "capabilities": {[\n]"
2017-05-26 16:14:06,397 [DEBUG] org.apache.http.wire  - http-outgoing-0 >> "    "desiredCapabilities": {[\n]"
2017-05-26 16:14:06,397 [DEBUG] org.apache.http.wire  - http-outgoing-0 >> "      "browserName": "chrome",[\n]"
2017-05-26 16:14:06,397 [DEBUG] org.apache.http.wire  - http-outgoing-0 >> "      "chromeOptions": {[\n]"
2017-05-26 16:14:06,398 [DEBUG] org.apache.http.wire  - http-outgoing-0 >> "        "args": [],[\n]"
2017-05-26 16:14:06,398 [DEBUG] org.apache.http.wire  - http-outgoing-0 >> "        "extensions": [][\n]"
2017-05-26 16:14:06,398 [DEBUG] org.apache.http.wire  - http-outgoing-0 >> "      },[\n]"
2017-05-26 16:14:06,398 [DEBUG] org.apache.http.wire  - http-outgoing-0 >> "      "version": "",[\n]"
2017-05-26 16:14:06,398 [DEBUG] org.apache.http.wire  - http-outgoing-0 >> "      "platform": "ANY"[\n]"
2017-05-26 16:14:06,398 [DEBUG] org.apache.http.wire  - http-outgoing-0 >> "    },[\n]"
2017-05-26 16:14:06,398 [DEBUG] org.apache.http.wire  - http-outgoing-0 >> "    "requiredCapabilities": {}[\n]"
2017-05-26 16:14:06,398 [DEBUG] org.apache.http.wire  - http-outgoing-0 >> "  },[\n]"
2017-05-26 16:14:06,398 [DEBUG] org.apache.http.wire  - http-outgoing-0 >> "  "alwaysMatch": {[\n]"
2017-05-26 16:14:06,398 [DEBUG] org.apache.http.wire  - http-outgoing-0 >> "    "version": "",[\n]"
2017-05-26 16:14:06,398 [DEBUG] org.apache.http.wire  - http-outgoing-0 >> "    "platform": "ANY"[\n]"
2017-05-26 16:14:06,399 [DEBUG] org.apache.http.wire  - http-outgoing-0 >> "  },[\n]"
2017-05-26 16:14:06,399 [DEBUG] org.apache.http.wire  - http-outgoing-0 >> "  "firstMatch": [[\n]"
2017-05-26 16:14:06,399 [DEBUG] org.apache.http.wire  - http-outgoing-0 >> "    {[\n]"
2017-05-26 16:14:06,399 [DEBUG] org.apache.http.wire  - http-outgoing-0 >> "      "browserName": "chrome",[\n]"
2017-05-26 16:14:06,399 [DEBUG] org.apache.http.wire  - http-outgoing-0 >> "      "chromeOptions": {[\n]"
2017-05-26 16:14:06,399 [DEBUG] org.apache.http.wire  - http-outgoing-0 >> "        "args": [],[\n]"
2017-05-26 16:14:06,400 [DEBUG] org.apache.http.wire  - http-outgoing-0 >> "        "extensions": [][\n]"
2017-05-26 16:14:06,400 [DEBUG] org.apache.http.wire  - http-outgoing-0 >> "      }[\n]"
2017-05-26 16:14:06,400 [DEBUG] org.apache.http.wire  - http-outgoing-0 >> "    }[\n]"
2017-05-26 16:14:06,400 [DEBUG] org.apache.http.wire  - http-outgoing-0 >> "  ][\n]"
2017-05-26 16:14:06,400 [DEBUG] org.apache.http.wire  - http-outgoing-0 >> "}"
2017-05-26 16:14:08,283 [DEBUG] org.apache.http.wire  - http-outgoing-0 << "HTTP/1.1 200 OK[\r][\n]"
2017-05-26 16:14:08,283 [DEBUG] org.apache.http.wire  - http-outgoing-0 << "Content-Length:786[\r][\n]"
2017-05-26 16:14:08,283 [DEBUG] org.apache.http.wire  - http-outgoing-0 << "Content-Type:application/json; charset=utf-8[\r][\n]"
2017-05-26 16:14:08,283 [DEBUG] org.apache.http.wire  - http-outgoing-0 << "Connection:close[\r][\n]"
2017-05-26 16:14:08,283 [DEBUG] org.apache.http.wire  - http-outgoing-0 << "[\r][\n]"
2017-05-26 16:14:08,283 [DEBUG] org.apache.http.wire  - http-outgoing-0 << "{"sessionId":"9654e6e74ef2e7d868f35113293aa60b","status":0,"value":{"acceptSslCerts":true,"applicationCacheEnabled":false,"browserConnectionEnabled":false,"browserName":"chrome","chrome":{"chromedriverVersion":"2.29.461591 (62ebf098771772160f391d75e589dc567915b233)","userDataDir":"C:\\Users\\AKSHAY~1.SEP\\AppData\\Local\\Temp\\scoped_dir5664_27047"},"cssSelectorsEnabled":true,"databaseEnabled":false,"handlesAlerts":true,"hasTouchScreen":false,"javascriptEnabled":true,"locationContextEnabled":true,"mobileEmulationEnabled":false,"nativeEvents":true,"networkConnectionEnabled":false,"pageLoadStrategy":"normal","platform":"Windows NT","rotatable":false,"takesHeapSnapshot":true,"takesScreenshot":true,"unexpectedAlertBehaviour":"","version":"58.0.3029.110","webStorageEnabled":true}}"
2017-05-26 16:14:08,287 [DEBUG] org.apache.http.headers  - http-outgoing-0 << HTTP/1.1 200 OK
2017-05-26 16:14:08,287 [DEBUG] org.apache.http.headers  - http-outgoing-0 << Content-Length:786
2017-05-26 16:14:08,287 [DEBUG] org.apache.http.headers  - http-outgoing-0 << Content-Type:application/json; charset=utf-8
2017-05-26 16:14:08,287 [DEBUG] org.apache.http.headers  - http-outgoing-0 << Connection:close
2017-05-26 16:14:08,302 [DEBUG] org.apache.http.impl.conn.DefaultManagedHttpClientConnection  - http-outgoing-0: Close connection
2017-05-26 16:14:08,302 [DEBUG] org.apache.http.impl.execchain.MainClientExec  - Connection discarded
2017-05-26 16:14:08,302 [DEBUG] org.apache.http.impl.conn.PoolingHttpClientConnectionManager  - Connection released: [id: 0][route: {}->http://localhost:27446][total kept alive: 0; route allocated: 0 of 2000; total allocated: 0 of 2000]
2017-05-26 16:14:08,396 [DEBUG] org.apache.http.client.protocol.RequestAddCookies  - CookieSpec selected: default
2017-05-26 16:14:08,396 [DEBUG] org.apache.http.client.protocol.RequestAuthCache  - Auth cache not set in the context
2017-05-26 16:14:08,397 [DEBUG] org.apache.http.impl.conn.PoolingHttpClientConnectionManager  - Connection request: [route: {}->http://localhost:27446][total kept alive: 0; route allocated: 0 of 2000; total allocated: 0 of 2000]
2017-05-26 16:14:08,397 [DEBUG] org.apache.http.impl.conn.PoolingHttpClientConnectionManager  - Connection leased: [id: 1][route: {}->http://localhost:27446][total kept alive: 0; route allocated: 1 of 2000; total allocated: 1 of 2000]
2017-05-26 16:14:08,397 [DEBUG] org.apache.http.impl.execchain.MainClientExec  - Opening connection {}->http://localhost:27446
2017-05-26 16:14:08,397 [DEBUG] org.apache.http.impl.conn.DefaultHttpClientConnectionOperator  - Connecting to localhost/127.0.0.1:27446
2017-05-26 16:14:08,397 [DEBUG] org.apache.http.impl.conn.DefaultHttpClientConnectionOperator  - Connection established 127.0.0.1:58106<->127.0.0.1:27446
2017-05-26 16:14:08,397 [DEBUG] org.apache.http.impl.conn.DefaultManagedHttpClientConnection  - http-outgoing-1: set socket timeout to 10800000
2017-05-26 16:14:08,397 [DEBUG] org.apache.http.impl.execchain.MainClientExec  - Executing request POST /session/9654e6e74ef2e7d868f35113293aa60b/window/current/maximize HTTP/1.1
2017-05-26 16:14:08,397 [DEBUG] org.apache.http.impl.execchain.MainClientExec  - Target auth state: UNCHALLENGED
2017-05-26 16:14:08,398 [DEBUG] org.apache.http.impl.execchain.MainClientExec  - Proxy auth state: UNCHALLENGED
2017-05-26 16:14:08,398 [DEBUG] org.apache.http.headers  - http-outgoing-1 >> POST /session/9654e6e74ef2e7d868f35113293aa60b/window/current/maximize HTTP/1.1
2017-05-26 16:14:08,398 [DEBUG] org.apache.http.headers  - http-outgoing-1 >> Content-Type: application/json; charset=utf-8
2017-05-26 16:14:08,398 [DEBUG] org.apache.http.headers  - http-outgoing-1 >> Content-Length: 45
2017-05-26 16:14:08,398 [DEBUG] org.apache.http.headers  - http-outgoing-1 >> Host: localhost:27446
2017-05-26 16:14:08,398 [DEBUG] org.apache.http.headers  - http-outgoing-1 >> Connection: Keep-Alive
2017-05-26 16:14:08,398 [DEBUG] org.apache.http.headers  - http-outgoing-1 >> User-Agent: Apache-HttpClient/4.5.2 (Java/1.8.0_131)
2017-05-26 16:14:08,398 [DEBUG] org.apache.http.headers  - http-outgoing-1 >> Accept-Encoding: gzip,deflate
2017-05-26 16:14:08,398 [DEBUG] org.apache.http.wire  - http-outgoing-1 >> "POST /session/9654e6e74ef2e7d868f35113293aa60b/window/current/maximize HTTP/1.1[\r][\n]"
2017-05-26 16:14:08,398 [DEBUG] org.apache.http.wire  - http-outgoing-1 >> "Content-Type: application/json; charset=utf-8[\r][\n]"
2017-05-26 16:14:08,398 [DEBUG] org.apache.http.wire  - http-outgoing-1 >> "Content-Length: 45[\r][\n]"
2017-05-26 16:14:08,398 [DEBUG] org.apache.http.wire  - http-outgoing-1 >> "Host: localhost:27446[\r][\n]"
2017-05-26 16:14:08,398 [DEBUG] org.apache.http.wire  - http-outgoing-1 >> "Connection: Keep-Alive[\r][\n]"
2017-05-26 16:14:08,398 [DEBUG] org.apache.http.wire  - http-outgoing-1 >> "User-Agent: Apache-HttpClient/4.5.2 (Java/1.8.0_131)[\r][\n]"
2017-05-26 16:14:08,398 [DEBUG] org.apache.http.wire  - http-outgoing-1 >> "Accept-Encoding: gzip,deflate[\r][\n]"
2017-05-26 16:14:08,398 [DEBUG] org.apache.http.wire  - http-outgoing-1 >> "[\r][\n]"
2017-05-26 16:14:08,398 [DEBUG] org.apache.http.wire  - http-outgoing-1 >> "{"windowHandle":"current","handle":"current"}"
2017-05-26 16:14:09,605 [DEBUG] org.apache.http.wire  - http-outgoing-1 << "HTTP/1.1 200 OK[\r][\n]"
2017-05-26 16:14:09,605 [DEBUG] org.apache.http.wire  - http-outgoing-1 << "Content-Length:72[\r][\n]"
2017-05-26 16:14:09,605 [DEBUG] org.apache.http.wire  - http-outgoing-1 << "Content-Type:application/json; charset=utf-8[\r][\n]"
2017-05-26 16:14:09,605 [DEBUG] org.apache.http.wire  - http-outgoing-1 << "Connection:close[\r][\n]"
2017-05-26 16:14:09,605 [DEBUG] org.apache.http.wire  - http-outgoing-1 << "[\r][\n]"
2017-05-26 16:14:09,605 [DEBUG] org.apache.http.wire  - http-outgoing-1 << "{"sessionId":"9654e6e74ef2e7d868f35113293aa60b","status":0,"value":null}"
2017-05-26 16:14:09,605 [DEBUG] org.apache.http.headers  - http-outgoing-1 << HTTP/1.1 200 OK
2017-05-26 16:14:09,605 [DEBUG] org.apache.http.headers  - http-outgoing-1 << Content-Length:72
2017-05-26 16:14:09,605 [DEBUG] org.apache.http.headers  - http-outgoing-1 << Content-Type:application/json; charset=utf-8
2017-05-26 16:14:09,605 [DEBUG] org.apache.http.headers  - http-outgoing-1 << Connection:close
2017-05-26 16:14:09,606 [DEBUG] org.apache.http.impl.conn.DefaultManagedHttpClientConnection  - http-outgoing-1: Close connection
2017-05-26 16:14:09,606 [DEBUG] org.apache.http.impl.execchain.MainClientExec  - Connection discarded
2017-05-26 16:14:09,606 [DEBUG] org.apache.http.impl.conn.PoolingHttpClientConnectionManager  - Connection released: [id: 1][route: {}->http://localhost:27446][total kept alive: 0; route allocated: 0 of 2000; total allocated: 0 of 2000]
2017-05-26 16:14:09,609 [DEBUG] org.apache.http.client.protocol.RequestAddCookies  - CookieSpec selected: default
2017-05-26 16:14:09,610 [DEBUG] org.apache.http.client.protocol.RequestAuthCache  - Auth cache not set in the context
2017-05-26 16:14:09,610 [DEBUG] org.apache.http.impl.conn.PoolingHttpClientConnectionManager  - Connection request: [route: {}->http://localhost:27446][total kept alive: 0; route allocated: 0 of 2000; total allocated: 0 of 2000]
2017-05-26 16:14:09,610 [DEBUG] org.apache.http.impl.conn.PoolingHttpClientConnectionManager  - Connection leased: [id: 2][route: {}->http://localhost:27446][total kept alive: 0; route allocated: 1 of 2000; total allocated: 1 of 2000]
2017-05-26 16:14:09,610 [DEBUG] org.apache.http.impl.execchain.MainClientExec  - Opening connection {}->http://localhost:27446
2017-05-26 16:14:09,611 [DEBUG] org.apache.http.impl.conn.DefaultHttpClientConnectionOperator  - Connecting to localhost/127.0.0.1:27446
2017-05-26 16:14:09,611 [DEBUG] org.apache.http.impl.conn.DefaultHttpClientConnectionOperator  - Connection established 127.0.0.1:58109<->127.0.0.1:27446
2017-05-26 16:14:09,611 [DEBUG] org.apache.http.impl.conn.DefaultManagedHttpClientConnection  - http-outgoing-2: set socket timeout to 10800000
2017-05-26 16:14:09,611 [DEBUG] org.apache.http.impl.execchain.MainClientExec  - Executing request POST /session/9654e6e74ef2e7d868f35113293aa60b/url HTTP/1.1
2017-05-26 16:14:09,611 [DEBUG] org.apache.http.impl.execchain.MainClientExec  - Target auth state: UNCHALLENGED
2017-05-26 16:14:09,611 [DEBUG] org.apache.http.impl.execchain.MainClientExec  - Proxy auth state: UNCHALLENGED
2017-05-26 16:14:09,612 [DEBUG] org.apache.http.headers  - http-outgoing-2 >> POST /session/9654e6e74ef2e7d868f35113293aa60b/url HTTP/1.1
2017-05-26 16:14:09,612 [DEBUG] org.apache.http.headers  - http-outgoing-2 >> Content-Type: application/json; charset=utf-8
2017-05-26 16:14:09,612 [DEBUG] org.apache.http.headers  - http-outgoing-2 >> Content-Length: 60
2017-05-26 16:14:09,612 [DEBUG] org.apache.http.headers  - http-outgoing-2 >> Host: localhost:27446
2017-05-26 16:14:09,612 [DEBUG] org.apache.http.headers  - http-outgoing-2 >> Connection: Keep-Alive
2017-05-26 16:14:09,612 [DEBUG] org.apache.http.headers  - http-outgoing-2 >> User-Agent: Apache-HttpClient/4.5.2 (Java/1.8.0_131)
2017-05-26 16:14:09,612 [DEBUG] org.apache.http.headers  - http-outgoing-2 >> Accept-Encoding: gzip,deflate
2017-05-26 16:14:09,612 [DEBUG] org.apache.http.wire  - http-outgoing-2 >> "POST /session/9654e6e74ef2e7d868f35113293aa60b/url HTTP/1.1[\r][\n]"
2017-05-26 16:14:09,612 [DEBUG] org.apache.http.wire  - http-outgoing-2 >> "Content-Type: application/json; charset=utf-8[\r][\n]"
2017-05-26 16:14:09,612 [DEBUG] org.apache.http.wire  - http-outgoing-2 >> "Content-Length: 60[\r][\n]"
2017-05-26 16:14:09,612 [DEBUG] org.apache.http.wire  - http-outgoing-2 >> "Host: localhost:27446[\r][\n]"
2017-05-26 16:14:09,612 [DEBUG] org.apache.http.wire  - http-outgoing-2 >> "Connection: Keep-Alive[\r][\n]"
2017-05-26 16:14:09,612 [DEBUG] org.apache.http.wire  - http-outgoing-2 >> "User-Agent: Apache-HttpClient/4.5.2 (Java/1.8.0_131)[\r][\n]"
2017-05-26 16:14:09,612 [DEBUG] org.apache.http.wire  - http-outgoing-2 >> "Accept-Encoding: gzip,deflate[\r][\n]"
2017-05-26 16:14:09,612 [DEBUG] org.apache.http.wire  - http-outgoing-2 >> "[\r][\n]"
2017-05-26 16:14:09,612 [DEBUG] org.apache.http.wire  - http-outgoing-2 >> "{"url":"http://192.168.1.209:6002/bpamsclient/default.aspx"}"
2017-05-26 16:14:12,664 [DEBUG] org.apache.http.wire  - http-outgoing-2 << "HTTP/1.1 200 OK[\r][\n]"
2017-05-26 16:14:12,664 [DEBUG] org.apache.http.wire  - http-outgoing-2 << "Content-Length:72[\r][\n]"
2017-05-26 16:14:12,664 [DEBUG] org.apache.http.wire  - http-outgoing-2 << "Content-Type:application/json; charset=utf-8[\r][\n]"
2017-05-26 16:14:12,664 [DEBUG] org.apache.http.wire  - http-outgoing-2 << "Connection:close[\r][\n]"
2017-05-26 16:14:12,664 [DEBUG] org.apache.http.wire  - http-outgoing-2 << "[\r][\n]"
2017-05-26 16:14:12,664 [DEBUG] org.apache.http.wire  - http-outgoing-2 << "{"sessionId":"9654e6e74ef2e7d868f35113293aa60b","status":0,"value":null}"
2017-05-26 16:14:12,664 [DEBUG] org.apache.http.headers  - http-outgoing-2 << HTTP/1.1 200 OK
2017-05-26 16:14:12,664 [DEBUG] org.apache.http.headers  - http-outgoing-2 << Content-Length:72
2017-05-26 16:14:12,664 [DEBUG] org.apache.http.headers  - http-outgoing-2 << Content-Type:application/json; charset=utf-8
2017-05-26 16:14:12,664 [DEBUG] org.apache.http.headers  - http-outgoing-2 << Connection:close
2017-05-26 16:14:12,664 [DEBUG] org.apache.http.impl.conn.DefaultManagedHttpClientConnection  - http-outgoing-2: Close connection
2017-05-26 16:14:12,664 [DEBUG] org.apache.http.impl.execchain.MainClientExec  - Connection discarded
2017-05-26 16:14:12,665 [DEBUG] org.apache.http.impl.conn.PoolingHttpClientConnectionManager  - Connection released: [id: 2][route: {}->http://localhost:27446][total kept alive: 0; route allocated: 0 of 2000; total allocated: 0 of 2000]
2017-05-26 16:14:12,697 [DEBUG] org.apache.http.client.protocol.RequestAddCookies  - CookieSpec selected: default
2017-05-26 16:14:12,697 [DEBUG] org.apache.http.client.protocol.RequestAuthCache  - Auth cache not set in the context
2017-05-26 16:14:12,697 [DEBUG] org.apache.http.impl.conn.PoolingHttpClientConnectionManager  - Connection request: [route: {}->http://localhost:27446][total kept alive: 0; route allocated: 0 of 2000; total allocated: 0 of 2000]
2017-05-26 16:14:12,697 [DEBUG] org.apache.http.impl.conn.PoolingHttpClientConnectionManager  - Connection leased: [id: 3][route: {}->http://localhost:27446][total kept alive: 0; route allocated: 1 of 2000; total allocated: 1 of 2000]
2017-05-26 16:14:12,697 [DEBUG] org.apache.http.impl.execchain.MainClientExec  - Opening connection {}->http://localhost:27446
2017-05-26 16:14:12,698 [DEBUG] org.apache.http.impl.conn.DefaultHttpClientConnectionOperator  - Connecting to localhost/127.0.0.1:27446
2017-05-26 16:14:12,698 [DEBUG] org.apache.http.impl.conn.DefaultHttpClientConnectionOperator  - Connection established 127.0.0.1:58120<->127.0.0.1:27446
2017-05-26 16:14:12,699 [DEBUG] org.apache.http.impl.conn.DefaultManagedHttpClientConnection  - http-outgoing-3: set socket timeout to 10800000
2017-05-26 16:14:12,699 [DEBUG] org.apache.http.impl.execchain.MainClientExec  - Executing request POST /session/9654e6e74ef2e7d868f35113293aa60b/element HTTP/1.1
2017-05-26 16:14:12,699 [DEBUG] org.apache.http.impl.execchain.MainClientExec  - Target auth state: UNCHALLENGED
2017-05-26 16:14:12,699 [DEBUG] org.apache.http.impl.execchain.MainClientExec  - Proxy auth state: UNCHALLENGED
2017-05-26 16:14:12,699 [DEBUG] org.apache.http.headers  - http-outgoing-3 >> POST /session/9654e6e74ef2e7d868f35113293aa60b/element HTTP/1.1
2017-05-26 16:14:12,699 [DEBUG] org.apache.http.headers  - http-outgoing-3 >> Content-Type: application/json; charset=utf-8
2017-05-26 16:14:12,699 [DEBUG] org.apache.http.headers  - http-outgoing-3 >> Content-Length: 81
2017-05-26 16:14:12,699 [DEBUG] org.apache.http.headers  - http-outgoing-3 >> Host: localhost:27446
2017-05-26 16:14:12,699 [DEBUG] org.apache.http.headers  - http-outgoing-3 >> Connection: Keep-Alive
2017-05-26 16:14:12,699 [DEBUG] org.apache.http.headers  - http-outgoing-3 >> User-Agent: Apache-HttpClient/4.5.2 (Java/1.8.0_131)
2017-05-26 16:14:12,700 [DEBUG] org.apache.http.headers  - http-outgoing-3 >> Accept-Encoding: gzip,deflate
2017-05-26 16:14:12,700 [DEBUG] org.apache.http.wire  - http-outgoing-3 >> "POST /session/9654e6e74ef2e7d868f35113293aa60b/element HTTP/1.1[\r][\n]"
2017-05-26 16:14:12,700 [DEBUG] org.apache.http.wire  - http-outgoing-3 >> "Content-Type: application/json; charset=utf-8[\r][\n]"
2017-05-26 16:14:12,700 [DEBUG] org.apache.http.wire  - http-outgoing-3 >> "Content-Length: 81[\r][\n]"
2017-05-26 16:14:12,700 [DEBUG] org.apache.http.wire  - http-outgoing-3 >> "Host: localhost:27446[\r][\n]"
2017-05-26 16:14:12,700 [DEBUG] org.apache.http.wire  - http-outgoing-3 >> "Connection: Keep-Alive[\r][\n]"
2017-05-26 16:14:12,700 [DEBUG] org.apache.http.wire  - http-outgoing-3 >> "User-Agent: Apache-HttpClient/4.5.2 (Java/1.8.0_131)[\r][\n]"
2017-05-26 16:14:12,700 [DEBUG] org.apache.http.wire  - http-outgoing-3 >> "Accept-Encoding: gzip,deflate[\r][\n]"
2017-05-26 16:14:12,700 [DEBUG] org.apache.http.wire  - http-outgoing-3 >> "[\r][\n]"
2017-05-26 16:14:12,700 [DEBUG] org.apache.http.wire  - http-outgoing-3 >> "{"using":"xpath","value":".//*[@id='form1']/div[3]/div[2]/div/div[1]/div/img[1]"}"
2017-05-26 16:14:12,746 [DEBUG] org.apache.http.wire  - http-outgoing-3 << "HTTP/1.1 200 OK[\r][\n]"
2017-05-26 16:14:12,746 [DEBUG] org.apache.http.wire  - http-outgoing-3 << "Content-Length:102[\r][\n]"
2017-05-26 16:14:12,746 [DEBUG] org.apache.http.wire  - http-outgoing-3 << "Content-Type:application/json; charset=utf-8[\r][\n]"
2017-05-26 16:14:12,746 [DEBUG] org.apache.http.wire  - http-outgoing-3 << "Connection:close[\r][\n]"
2017-05-26 16:14:12,746 [DEBUG] org.apache.http.wire  - http-outgoing-3 << "[\r][\n]"
2017-05-26 16:14:12,746 [DEBUG] org.apache.http.wire  - http-outgoing-3 << "{"sessionId":"9654e6e74ef2e7d868f35113293aa60b","status":0,"value":{"ELEMENT":"0.8637147772983504-1"}}"
2017-05-26 16:14:12,746 [DEBUG] org.apache.http.headers  - http-outgoing-3 << HTTP/1.1 200 OK
2017-05-26 16:14:12,746 [DEBUG] org.apache.http.headers  - http-outgoing-3 << Content-Length:102
2017-05-26 16:14:12,746 [DEBUG] org.apache.http.headers  - http-outgoing-3 << Content-Type:application/json; charset=utf-8
2017-05-26 16:14:12,746 [DEBUG] org.apache.http.headers  - http-outgoing-3 << Connection:close
2017-05-26 16:14:12,746 [DEBUG] org.apache.http.impl.conn.DefaultManagedHttpClientConnection  - http-outgoing-3: Close connection
2017-05-26 16:14:12,746 [DEBUG] org.apache.http.impl.execchain.MainClientExec  - Connection discarded
2017-05-26 16:14:12,747 [DEBUG] org.apache.http.impl.conn.PoolingHttpClientConnectionManager  - Connection released: [id: 3][route: {}->http://localhost:27446][total kept alive: 0; route allocated: 0 of 2000; total allocated: 0 of 2000]
2017-05-26 16:14:12,751 [DEBUG] org.apache.http.client.protocol.RequestAddCookies  - CookieSpec selected: default
2017-05-26 16:14:12,752 [DEBUG] org.apache.http.client.protocol.RequestAuthCache  - Auth cache not set in the context
2017-05-26 16:14:12,752 [DEBUG] org.apache.http.impl.conn.PoolingHttpClientConnectionManager  - Connection request: [route: {}->http://localhost:27446][total kept alive: 0; route allocated: 0 of 2000; total allocated: 0 of 2000]
2017-05-26 16:14:12,752 [DEBUG] org.apache.http.impl.conn.PoolingHttpClientConnectionManager  - Connection leased: [id: 4][route: {}->http://localhost:27446][total kept alive: 0; route allocated: 1 of 2000; total allocated: 1 of 2000]
2017-05-26 16:14:12,752 [DEBUG] org.apache.http.impl.execchain.MainClientExec  - Opening connection {}->http://localhost:27446
2017-05-26 16:14:12,752 [DEBUG] org.apache.http.impl.conn.DefaultHttpClientConnectionOperator  - Connecting to localhost/127.0.0.1:27446
2017-05-26 16:14:12,752 [DEBUG] org.apache.http.impl.conn.DefaultHttpClientConnectionOperator  - Connection established 127.0.0.1:58121<->127.0.0.1:27446
2017-05-26 16:14:12,753 [DEBUG] org.apache.http.impl.conn.DefaultManagedHttpClientConnection  - http-outgoing-4: set socket timeout to 10800000
2017-05-26 16:14:12,753 [DEBUG] org.apache.http.impl.execchain.MainClientExec  - Executing request GET /session/9654e6e74ef2e7d868f35113293aa60b/element/0.8637147772983504-1/displayed HTTP/1.1
2017-05-26 16:14:12,753 [DEBUG] org.apache.http.impl.execchain.MainClientExec  - Target auth state: UNCHALLENGED
2017-05-26 16:14:12,753 [DEBUG] org.apache.http.impl.execchain.MainClientExec  - Proxy auth state: UNCHALLENGED
2017-05-26 16:14:12,753 [DEBUG] org.apache.http.headers  - http-outgoing-4 >> GET /session/9654e6e74ef2e7d868f35113293aa60b/element/0.8637147772983504-1/displayed HTTP/1.1
2017-05-26 16:14:12,753 [DEBUG] org.apache.http.headers  - http-outgoing-4 >> Cache-Control: no-cache
2017-05-26 16:14:12,753 [DEBUG] org.apache.http.headers  - http-outgoing-4 >> Host: localhost:27446
2017-05-26 16:14:12,753 [DEBUG] org.apache.http.headers  - http-outgoing-4 >> Connection: Keep-Alive
2017-05-26 16:14:12,753 [DEBUG] org.apache.http.headers  - http-outgoing-4 >> User-Agent: Apache-HttpClient/4.5.2 (Java/1.8.0_131)
2017-05-26 16:14:12,753 [DEBUG] org.apache.http.headers  - http-outgoing-4 >> Accept-Encoding: gzip,deflate
2017-05-26 16:14:12,753 [DEBUG] org.apache.http.wire  - http-outgoing-4 >> "GET /session/9654e6e74ef2e7d868f35113293aa60b/element/0.8637147772983504-1/displayed HTTP/1.1[\r][\n]"
2017-05-26 16:14:12,753 [DEBUG] org.apache.http.wire  - http-outgoing-4 >> "Cache-Control: no-cache[\r][\n]"
2017-05-26 16:14:12,753 [DEBUG] org.apache.http.wire  - http-outgoing-4 >> "Host: localhost:27446[\r][\n]"
2017-05-26 16:14:12,753 [DEBUG] org.apache.http.wire  - http-outgoing-4 >> "Connection: Keep-Alive[\r][\n]"
2017-05-26 16:14:12,753 [DEBUG] org.apache.http.wire  - http-outgoing-4 >> "User-Agent: Apache-HttpClient/4.5.2 (Java/1.8.0_131)[\r][\n]"
2017-05-26 16:14:12,753 [DEBUG] org.apache.http.wire  - http-outgoing-4 >> "Accept-Encoding: gzip,deflate[\r][\n]"
2017-05-26 16:14:12,753 [DEBUG] org.apache.http.wire  - http-outgoing-4 >> "[\r][\n]"
2017-05-26 16:14:12,781 [DEBUG] org.apache.http.wire  - http-outgoing-4 << "HTTP/1.1 200 OK[\r][\n]"
2017-05-26 16:14:12,782 [DEBUG] org.apache.http.wire  - http-outgoing-4 << "Content-Length:72[\r][\n]"
2017-05-26 16:14:12,782 [DEBUG] org.apache.http.wire  - http-outgoing-4 << "Content-Type:application/json; charset=utf-8[\r][\n]"
2017-05-26 16:14:12,782 [DEBUG] org.apache.http.wire  - http-outgoing-4 << "Connection:close[\r][\n]"
2017-05-26 16:14:12,782 [DEBUG] org.apache.http.wire  - http-outgoing-4 << "[\r][\n]"
2017-05-26 16:14:12,782 [DEBUG] org.apache.http.wire  - http-outgoing-4 << "{"sessionId":"9654e6e74ef2e7d868f35113293aa60b","status":0,"value":true}"
2017-05-26 16:14:12,782 [DEBUG] org.apache.http.headers  - http-outgoing-4 << HTTP/1.1 200 OK
2017-05-26 16:14:12,782 [DEBUG] org.apache.http.headers  - http-outgoing-4 << Content-Length:72
2017-05-26 16:14:12,782 [DEBUG] org.apache.http.headers  - http-outgoing-4 << Content-Type:application/json; charset=utf-8
2017-05-26 16:14:12,782 [DEBUG] org.apache.http.headers  - http-outgoing-4 << Connection:close
2017-05-26 16:14:12,782 [DEBUG] org.apache.http.impl.conn.DefaultManagedHttpClientConnection  - http-outgoing-4: Close connection
2017-05-26 16:14:12,783 [DEBUG] org.apache.http.impl.execchain.MainClientExec  - Connection discarded
2017-05-26 16:14:12,783 [DEBUG] org.apache.http.impl.conn.PoolingHttpClientConnectionManager  - Connection released: [id: 4][route: {}->http://localhost:27446][total kept alive: 0; route allocated: 0 of 2000; total allocated: 0 of 2000]
2017-05-26 16:14:12,785 [DEBUG] org.apache.http.client.protocol.RequestAddCookies  - CookieSpec selected: default
2017-05-26 16:14:12,786 [DEBUG] org.apache.http.client.protocol.RequestAuthCache  - Auth cache not set in the context
2017-05-26 16:14:12,786 [DEBUG] org.apache.http.impl.conn.PoolingHttpClientConnectionManager  - Connection request: [route: {}->http://localhost:27446][total kept alive: 0; route allocated: 0 of 2000; total allocated: 0 of 2000]
2017-05-26 16:14:12,786 [DEBUG] org.apache.http.impl.conn.PoolingHttpClientConnectionManager  - Connection leased: [id: 5][route: {}->http://localhost:27446][total kept alive: 0; route allocated: 1 of 2000; total allocated: 1 of 2000]
2017-05-26 16:14:12,786 [DEBUG] org.apache.http.impl.execchain.MainClientExec  - Opening connection {}->http://localhost:27446
2017-05-26 16:14:12,786 [DEBUG] org.apache.http.impl.conn.DefaultHttpClientConnectionOperator  - Connecting to localhost/127.0.0.1:27446
2017-05-26 16:14:12,787 [DEBUG] org.apache.http.impl.conn.DefaultHttpClientConnectionOperator  - Connection established 127.0.0.1:58122<->127.0.0.1:27446
2017-05-26 16:14:12,787 [DEBUG] org.apache.http.impl.conn.DefaultManagedHttpClientConnection  - http-outgoing-5: set socket timeout to 10800000
2017-05-26 16:14:12,787 [DEBUG] org.apache.http.impl.execchain.MainClientExec  - Executing request POST /session/9654e6e74ef2e7d868f35113293aa60b/element HTTP/1.1
2017-05-26 16:14:12,787 [DEBUG] org.apache.http.impl.execchain.MainClientExec  - Target auth state: UNCHALLENGED
2017-05-26 16:14:12,787 [DEBUG] org.apache.http.impl.execchain.MainClientExec  - Proxy auth state: UNCHALLENGED
2017-05-26 16:14:12,787 [DEBUG] org.apache.http.headers  - http-outgoing-5 >> POST /session/9654e6e74ef2e7d868f35113293aa60b/element HTTP/1.1
2017-05-26 16:14:12,788 [DEBUG] org.apache.http.headers  - http-outgoing-5 >> Content-Type: application/json; charset=utf-8
2017-05-26 16:14:12,788 [DEBUG] org.apache.http.headers  - http-outgoing-5 >> Content-Length: 51
2017-05-26 16:14:12,788 [DEBUG] org.apache.http.headers  - http-outgoing-5 >> Host: localhost:27446
2017-05-26 16:14:12,788 [DEBUG] org.apache.http.headers  - http-outgoing-5 >> Connection: Keep-Alive
2017-05-26 16:14:12,788 [DEBUG] org.apache.http.headers  - http-outgoing-5 >> User-Agent: Apache-HttpClient/4.5.2 (Java/1.8.0_131)
2017-05-26 16:14:12,788 [DEBUG] org.apache.http.headers  - http-outgoing-5 >> Accept-Encoding: gzip,deflate
2017-05-26 16:14:12,788 [DEBUG] org.apache.http.wire  - http-outgoing-5 >> "POST /session/9654e6e74ef2e7d868f35113293aa60b/element HTTP/1.1[\r][\n]"
2017-05-26 16:14:12,788 [DEBUG] org.apache.http.wire  - http-outgoing-5 >> "Content-Type: application/json; charset=utf-8[\r][\n]"
2017-05-26 16:14:12,788 [DEBUG] org.apache.http.wire  - http-outgoing-5 >> "Content-Length: 51[\r][\n]"
2017-05-26 16:14:12,789 [DEBUG] org.apache.http.wire  - http-outgoing-5 >> "Host: localhost:27446[\r][\n]"
2017-05-26 16:14:12,789 [DEBUG] org.apache.http.wire  - http-outgoing-5 >> "Connection: Keep-Alive[\r][\n]"
2017-05-26 16:14:12,792 [DEBUG] org.apache.http.wire  - http-outgoing-5 >> "User-Agent: Apache-HttpClient/4.5.2 (Java/1.8.0_131)[\r][\n]"
2017-05-26 16:14:12,792 [DEBUG] org.apache.http.wire  - http-outgoing-5 >> "Accept-Encoding: gzip,deflate[\r][\n]"
2017-05-26 16:14:12,792 [DEBUG] org.apache.http.wire  - http-outgoing-5 >> "[\r][\n]"
2017-05-26 16:14:12,792 [DEBUG] org.apache.http.wire  - http-outgoing-5 >> "{"using":"xpath","value":".//*[@id='txtUsername']"}"
2017-05-26 16:14:12,844 [DEBUG] org.apache.http.wire  - http-outgoing-5 << "HTTP/1.1 200 OK[\r][\n]"
2017-05-26 16:14:12,844 [DEBUG] org.apache.http.wire  - http-outgoing-5 << "Content-Length:102[\r][\n]"
2017-05-26 16:14:12,844 [DEBUG] org.apache.http.wire  - http-outgoing-5 << "Content-Type:application/json; charset=utf-8[\r][\n]"
2017-05-26 16:14:12,844 [DEBUG] org.apache.http.wire  - http-outgoing-5 << "Connection:close[\r][\n]"
2017-05-26 16:14:12,844 [DEBUG] org.apache.http.wire  - http-outgoing-5 << "[\r][\n]"
2017-05-26 16:14:12,844 [DEBUG] org.apache.http.wire  - http-outgoing-5 << "{"sessionId":"9654e6e74ef2e7d868f35113293aa60b","status":0,"value":{"ELEMENT":"0.8637147772983504-2"}}"
2017-05-26 16:14:12,844 [DEBUG] org.apache.http.headers  - http-outgoing-5 << HTTP/1.1 200 OK
2017-05-26 16:14:12,844 [DEBUG] org.apache.http.headers  - http-outgoing-5 << Content-Length:102
2017-05-26 16:14:12,844 [DEBUG] org.apache.http.headers  - http-outgoing-5 << Content-Type:application/json; charset=utf-8
2017-05-26 16:14:12,844 [DEBUG] org.apache.http.headers  - http-outgoing-5 << Connection:close
2017-05-26 16:14:12,845 [DEBUG] org.apache.http.impl.conn.DefaultManagedHttpClientConnection  - http-outgoing-5: Close connection
2017-05-26 16:14:12,845 [DEBUG] org.apache.http.impl.execchain.MainClientExec  - Connection discarded
2017-05-26 16:14:12,845 [DEBUG] org.apache.http.impl.conn.PoolingHttpClientConnectionManager  - Connection released: [id: 5][route: {}->http://localhost:27446][total kept alive: 0; route allocated: 0 of 2000; total allocated: 0 of 2000]
2017-05-26 16:14:12,849 [DEBUG] org.apache.http.client.protocol.RequestAddCookies  - CookieSpec selected: default
2017-05-26 16:14:12,849 [DEBUG] org.apache.http.client.protocol.RequestAuthCache  - Auth cache not set in the context
2017-05-26 16:14:12,849 [DEBUG] org.apache.http.impl.conn.PoolingHttpClientConnectionManager  - Connection request: [route: {}->http://localhost:27446][total kept alive: 0; route allocated: 0 of 2000; total allocated: 0 of 2000]
2017-05-26 16:14:12,850 [DEBUG] org.apache.http.impl.conn.PoolingHttpClientConnectionManager  - Connection leased: [id: 6][route: {}->http://localhost:27446][total kept alive: 0; route allocated: 1 of 2000; total allocated: 1 of 2000]
2017-05-26 16:14:12,850 [DEBUG] org.apache.http.impl.execchain.MainClientExec  - Opening connection {}->http://localhost:27446
2017-05-26 16:14:12,850 [DEBUG] org.apache.http.impl.conn.DefaultHttpClientConnectionOperator  - Connecting to localhost/127.0.0.1:27446
2017-05-26 16:14:12,851 [DEBUG] org.apache.http.impl.conn.DefaultHttpClientConnectionOperator  - Connection established 127.0.0.1:58123<->127.0.0.1:27446
2017-05-26 16:14:12,851 [DEBUG] org.apache.http.impl.conn.DefaultManagedHttpClientConnection  - http-outgoing-6: set socket timeout to 10800000
2017-05-26 16:14:12,851 [DEBUG] org.apache.http.impl.execchain.MainClientExec  - Executing request POST /session/9654e6e74ef2e7d868f35113293aa60b/element/0.8637147772983504-2/value HTTP/1.1
2017-05-26 16:14:12,851 [DEBUG] org.apache.http.impl.execchain.MainClientExec  - Target auth state: UNCHALLENGED
2017-05-26 16:14:12,851 [DEBUG] org.apache.http.impl.execchain.MainClientExec  - Proxy auth state: UNCHALLENGED
2017-05-26 16:14:12,851 [DEBUG] org.apache.http.headers  - http-outgoing-6 >> POST /session/9654e6e74ef2e7d868f35113293aa60b/element/0.8637147772983504-2/value HTTP/1.1
2017-05-26 16:14:12,851 [DEBUG] org.apache.http.headers  - http-outgoing-6 >> Content-Type: application/json; charset=utf-8
2017-05-26 16:14:12,851 [DEBUG] org.apache.http.headers  - http-outgoing-6 >> Content-Length: 50
2017-05-26 16:14:12,852 [DEBUG] org.apache.http.headers  - http-outgoing-6 >> Host: localhost:27446
2017-05-26 16:14:12,852 [DEBUG] org.apache.http.headers  - http-outgoing-6 >> Connection: Keep-Alive
2017-05-26 16:14:12,852 [DEBUG] org.apache.http.headers  - http-outgoing-6 >> User-Agent: Apache-HttpClient/4.5.2 (Java/1.8.0_131)
2017-05-26 16:14:12,852 [DEBUG] org.apache.http.headers  - http-outgoing-6 >> Accept-Encoding: gzip,deflate
2017-05-26 16:14:12,852 [DEBUG] org.apache.http.wire  - http-outgoing-6 >> "POST /session/9654e6e74ef2e7d868f35113293aa60b/element/0.8637147772983504-2/value HTTP/1.1[\r][\n]"
2017-05-26 16:14:12,852 [DEBUG] org.apache.http.wire  - http-outgoing-6 >> "Content-Type: application/json; charset=utf-8[\r][\n]"
2017-05-26 16:14:12,852 [DEBUG] org.apache.http.wire  - http-outgoing-6 >> "Content-Length: 50[\r][\n]"
2017-05-26 16:14:12,852 [DEBUG] org.apache.http.wire  - http-outgoing-6 >> "Host: localhost:27446[\r][\n]"
2017-05-26 16:14:12,852 [DEBUG] org.apache.http.wire  - http-outgoing-6 >> "Connection: Keep-Alive[\r][\n]"
2017-05-26 16:14:12,852 [DEBUG] org.apache.http.wire  - http-outgoing-6 >> "User-Agent: Apache-HttpClient/4.5.2 (Java/1.8.0_131)[\r][\n]"
2017-05-26 16:14:12,852 [DEBUG] org.apache.http.wire  - http-outgoing-6 >> "Accept-Encoding: gzip,deflate[\r][\n]"
2017-05-26 16:14:12,852 [DEBUG] org.apache.http.wire  - http-outgoing-6 >> "[\r][\n]"
2017-05-26 16:14:12,852 [DEBUG] org.apache.http.wire  - http-outgoing-6 >> "{"id":"0.8637147772983504-2","value":["dar56246"]}"
2017-05-26 16:14:13,035 [DEBUG] org.apache.http.wire  - http-outgoing-6 << "HTTP/1.1 200 OK[\r][\n]"
2017-05-26 16:14:13,035 [DEBUG] org.apache.http.wire  - http-outgoing-6 << "Content-Length:72[\r][\n]"
2017-05-26 16:14:13,035 [DEBUG] org.apache.http.wire  - http-outgoing-6 << "Content-Type:application/json; charset=utf-8[\r][\n]"
2017-05-26 16:14:13,035 [DEBUG] org.apache.http.wire  - http-outgoing-6 << "Connection:close[\r][\n]"
2017-05-26 16:14:13,035 [DEBUG] org.apache.http.wire  - http-outgoing-6 << "[\r][\n]"
2017-05-26 16:14:13,035 [DEBUG] org.apache.http.wire  - http-outgoing-6 << "{"sessionId":"9654e6e74ef2e7d868f35113293aa60b","status":0,"value":null}"
2017-05-26 16:14:13,035 [DEBUG] org.apache.http.headers  - http-outgoing-6 << HTTP/1.1 200 OK
2017-05-26 16:14:13,035 [DEBUG] org.apache.http.headers  - http-outgoing-6 << Content-Length:72
2017-05-26 16:14:13,035 [DEBUG] org.apache.http.headers  - http-outgoing-6 << Content-Type:application/json; charset=utf-8
2017-05-26 16:14:13,035 [DEBUG] org.apache.http.headers  - http-outgoing-6 << Connection:close
2017-05-26 16:14:13,037 [DEBUG] org.apache.http.impl.conn.DefaultManagedHttpClientConnection  - http-outgoing-6: Close connection
2017-05-26 16:14:13,037 [DEBUG] org.apache.http.impl.execchain.MainClientExec  - Connection discarded
2017-05-26 16:14:13,037 [DEBUG] org.apache.http.impl.conn.PoolingHttpClientConnectionManager  - Connection released: [id: 6][route: {}->http://localhost:27446][total kept alive: 0; route allocated: 0 of 2000; total allocated: 0 of 2000]
2017-05-26 16:14:13,041 [DEBUG] org.apache.http.client.protocol.RequestAddCookies  - CookieSpec selected: default
2017-05-26 16:14:13,041 [DEBUG] org.apache.http.client.protocol.RequestAuthCache  - Auth cache not set in the context
2017-05-26 16:14:13,041 [DEBUG] org.apache.http.impl.conn.PoolingHttpClientConnectionManager  - Connection request: [route: {}->http://localhost:27446][total kept alive: 0; route allocated: 0 of 2000; total allocated: 0 of 2000]
2017-05-26 16:14:13,042 [DEBUG] org.apache.http.impl.conn.PoolingHttpClientConnectionManager  - Connection leased: [id: 7][route: {}->http://localhost:27446][total kept alive: 0; route allocated: 1 of 2000; total allocated: 1 of 2000]
2017-05-26 16:14:13,042 [DEBUG] org.apache.http.impl.execchain.MainClientExec  - Opening connection {}->http://localhost:27446
2017-05-26 16:14:13,042 [DEBUG] org.apache.http.impl.conn.DefaultHttpClientConnectionOperator  - Connecting to localhost/127.0.0.1:27446
2017-05-26 16:14:13,042 [DEBUG] org.apache.http.impl.conn.DefaultHttpClientConnectionOperator  - Connection established 127.0.0.1:58124<->127.0.0.1:27446
2017-05-26 16:14:13,042 [DEBUG] org.apache.http.impl.conn.DefaultManagedHttpClientConnection  - http-outgoing-7: set socket timeout to 10800000
2017-05-26 16:14:13,042 [DEBUG] org.apache.http.impl.execchain.MainClientExec  - Executing request POST /session/9654e6e74ef2e7d868f35113293aa60b/element HTTP/1.1
2017-05-26 16:14:13,042 [DEBUG] org.apache.http.impl.execchain.MainClientExec  - Target auth state: UNCHALLENGED
2017-05-26 16:14:13,042 [DEBUG] org.apache.http.impl.execchain.MainClientExec  - Proxy auth state: UNCHALLENGED
2017-05-26 16:14:13,042 [DEBUG] org.apache.http.headers  - http-outgoing-7 >> POST /session/9654e6e74ef2e7d868f35113293aa60b/element HTTP/1.1
2017-05-26 16:14:13,042 [DEBUG] org.apache.http.headers  - http-outgoing-7 >> Content-Type: application/json; charset=utf-8
2017-05-26 16:14:13,043 [DEBUG] org.apache.http.headers  - http-outgoing-7 >> Content-Length: 51
2017-05-26 16:14:13,043 [DEBUG] org.apache.http.headers  - http-outgoing-7 >> Host: localhost:27446
2017-05-26 16:14:13,043 [DEBUG] org.apache.http.headers  - http-outgoing-7 >> Connection: Keep-Alive
2017-05-26 16:14:13,043 [DEBUG] org.apache.http.headers  - http-outgoing-7 >> User-Agent: Apache-HttpClient/4.5.2 (Java/1.8.0_131)
2017-05-26 16:14:13,043 [DEBUG] org.apache.http.headers  - http-outgoing-7 >> Accept-Encoding: gzip,deflate
2017-05-26 16:14:13,043 [DEBUG] org.apache.http.wire  - http-outgoing-7 >> "POST /session/9654e6e74ef2e7d868f35113293aa60b/element HTTP/1.1[\r][\n]"
2017-05-26 16:14:13,043 [DEBUG] org.apache.http.wire  - http-outgoing-7 >> "Content-Type: application/json; charset=utf-8[\r][\n]"
2017-05-26 16:14:13,043 [DEBUG] org.apache.http.wire  - http-outgoing-7 >> "Content-Length: 51[\r][\n]"
2017-05-26 16:14:13,043 [DEBUG] org.apache.http.wire  - http-outgoing-7 >> "Host: localhost:27446[\r][\n]"
2017-05-26 16:14:13,043 [DEBUG] org.apache.http.wire  - http-outgoing-7 >> "Connection: Keep-Alive[\r][\n]"
2017-05-26 16:14:13,043 [DEBUG] org.apache.http.wire  - http-outgoing-7 >> "User-Agent: Apache-HttpClient/4.5.2 (Java/1.8.0_131)[\r][\n]"
2017-05-26 16:14:13,043 [DEBUG] org.apache.http.wire  - http-outgoing-7 >> "Accept-Encoding: gzip,deflate[\r][\n]"
2017-05-26 16:14:13,043 [DEBUG] org.apache.http.wire  - http-outgoing-7 >> "[\r][\n]"
2017-05-26 16:14:13,043 [DEBUG] org.apache.http.wire  - http-outgoing-7 >> "{"using":"xpath","value":".//*[@id='txtPassword']"}"
2017-05-26 16:14:13,088 [DEBUG] org.apache.http.wire  - http-outgoing-7 << "HTTP/1.1 200 OK[\r][\n]"
2017-05-26 16:14:13,088 [DEBUG] org.apache.http.wire  - http-outgoing-7 << "Content-Length:102[\r][\n]"
2017-05-26 16:14:13,088 [DEBUG] org.apache.http.wire  - http-outgoing-7 << "Content-Type:application/json; charset=utf-8[\r][\n]"
2017-05-26 16:14:13,088 [DEBUG] org.apache.http.wire  - http-outgoing-7 << "Connection:close[\r][\n]"
2017-05-26 16:14:13,088 [DEBUG] org.apache.http.wire  - http-outgoing-7 << "[\r][\n]"
2017-05-26 16:14:13,088 [DEBUG] org.apache.http.wire  - http-outgoing-7 << "{"sessionId":"9654e6e74ef2e7d868f35113293aa60b","status":0,"value":{"ELEMENT":"0.8637147772983504-3"}}"
2017-05-26 16:14:13,088 [DEBUG] org.apache.http.headers  - http-outgoing-7 << HTTP/1.1 200 OK
2017-05-26 16:14:13,088 [DEBUG] org.apache.http.headers  - http-outgoing-7 << Content-Length:102
2017-05-26 16:14:13,088 [DEBUG] org.apache.http.headers  - http-outgoing-7 << Content-Type:application/json; charset=utf-8
2017-05-26 16:14:13,088 [DEBUG] org.apache.http.headers  - http-outgoing-7 << Connection:close
2017-05-26 16:14:13,089 [DEBUG] org.apache.http.impl.conn.DefaultManagedHttpClientConnection  - http-outgoing-7: Close connection
2017-05-26 16:14:13,089 [DEBUG] org.apache.http.impl.execchain.MainClientExec  - Connection discarded
2017-05-26 16:14:13,089 [DEBUG] org.apache.http.impl.conn.PoolingHttpClientConnectionManager  - Connection released: [id: 7][route: {}->http://localhost:27446][total kept alive: 0; route allocated: 0 of 2000; total allocated: 0 of 2000]
2017-05-26 16:14:13,092 [DEBUG] org.apache.http.client.protocol.RequestAddCookies  - CookieSpec selected: default
2017-05-26 16:14:13,092 [DEBUG] org.apache.http.client.protocol.RequestAuthCache  - Auth cache not set in the context
2017-05-26 16:14:13,092 [DEBUG] org.apache.http.impl.conn.PoolingHttpClientConnectionManager  - Connection request: [route: {}->http://localhost:27446][total kept alive: 0; route allocated: 0 of 2000; total allocated: 0 of 2000]
2017-05-26 16:14:13,092 [DEBUG] org.apache.http.impl.conn.PoolingHttpClientConnectionManager  - Connection leased: [id: 8][route: {}->http://localhost:27446][total kept alive: 0; route allocated: 1 of 2000; total allocated: 1 of 2000]
2017-05-26 16:14:13,092 [DEBUG] org.apache.http.impl.execchain.MainClientExec  - Opening connection {}->http://localhost:27446
2017-05-26 16:14:13,092 [DEBUG] org.apache.http.impl.conn.DefaultHttpClientConnectionOperator  - Connecting to localhost/127.0.0.1:27446
2017-05-26 16:14:13,094 [DEBUG] org.apache.http.impl.conn.DefaultHttpClientConnectionOperator  - Connection established 127.0.0.1:58125<->127.0.0.1:27446
2017-05-26 16:14:13,094 [DEBUG] org.apache.http.impl.conn.DefaultManagedHttpClientConnection  - http-outgoing-8: set socket timeout to 10800000
2017-05-26 16:14:13,094 [DEBUG] org.apache.http.impl.execchain.MainClientExec  - Executing request POST /session/9654e6e74ef2e7d868f35113293aa60b/element/0.8637147772983504-3/value HTTP/1.1
2017-05-26 16:14:13,094 [DEBUG] org.apache.http.impl.execchain.MainClientExec  - Target auth state: UNCHALLENGED
2017-05-26 16:14:13,094 [DEBUG] org.apache.http.impl.execchain.MainClientExec  - Proxy auth state: UNCHALLENGED
2017-05-26 16:14:13,094 [DEBUG] org.apache.http.headers  - http-outgoing-8 >> POST /session/9654e6e74ef2e7d868f35113293aa60b/element/0.8637147772983504-3/value HTTP/1.1
2017-05-26 16:14:13,094 [DEBUG] org.apache.http.headers  - http-outgoing-8 >> Content-Type: application/json; charset=utf-8
2017-05-26 16:14:13,094 [DEBUG] org.apache.http.headers  - http-outgoing-8 >> Content-Length: 50
2017-05-26 16:14:13,094 [DEBUG] org.apache.http.headers  - http-outgoing-8 >> Host: localhost:27446
2017-05-26 16:14:13,094 [DEBUG] org.apache.http.headers  - http-outgoing-8 >> Connection: Keep-Alive
2017-05-26 16:14:13,094 [DEBUG] org.apache.http.headers  - http-outgoing-8 >> User-Agent: Apache-HttpClient/4.5.2 (Java/1.8.0_131)
2017-05-26 16:14:13,094 [DEBUG] org.apache.http.headers  - http-outgoing-8 >> Accept-Encoding: gzip,deflate
2017-05-26 16:14:13,094 [DEBUG] org.apache.http.wire  - http-outgoing-8 >> "POST /session/9654e6e74ef2e7d868f35113293aa60b/element/0.8637147772983504-3/value HTTP/1.1[\r][\n]"
2017-05-26 16:14:13,094 [DEBUG] org.apache.http.wire  - http-outgoing-8 >> "Content-Type: application/json; charset=utf-8[\r][\n]"
2017-05-26 16:14:13,094 [DEBUG] org.apache.http.wire  - http-outgoing-8 >> "Content-Length: 50[\r][\n]"
2017-05-26 16:14:13,095 [DEBUG] org.apache.http.wire  - http-outgoing-8 >> "Host: localhost:27446[\r][\n]"
2017-05-26 16:14:13,095 [DEBUG] org.apache.http.wire  - http-outgoing-8 >> "Connection: Keep-Alive[\r][\n]"
2017-05-26 16:14:13,095 [DEBUG] org.apache.http.wire  - http-outgoing-8 >> "User-Agent: Apache-HttpClient/4.5.2 (Java/1.8.0_131)[\r][\n]"
2017-05-26 16:14:13,095 [DEBUG] org.apache.http.wire  - http-outgoing-8 >> "Accept-Encoding: gzip,deflate[\r][\n]"
2017-05-26 16:14:13,095 [DEBUG] org.apache.http.wire  - http-outgoing-8 >> "[\r][\n]"
2017-05-26 16:14:13,095 [DEBUG] org.apache.http.wire  - http-outgoing-8 >> "{"id":"0.8637147772983504-3","value":["Akshay85"]}"
2017-05-26 16:14:13,238 [DEBUG] org.apache.http.wire  - http-outgoing-8 << "HTTP/1.1 200 OK[\r][\n]"
2017-05-26 16:14:13,238 [DEBUG] org.apache.http.wire  - http-outgoing-8 << "Content-Length:72[\r][\n]"
2017-05-26 16:14:13,239 [DEBUG] org.apache.http.wire  - http-outgoing-8 << "Content-Type:application/json; charset=utf-8[\r][\n]"
2017-05-26 16:14:13,245 [DEBUG] org.apache.http.wire  - http-outgoing-8 << "Connection:close[\r][\n]"
2017-05-26 16:14:13,245 [DEBUG] org.apache.http.wire  - http-outgoing-8 << "[\r][\n]"
2017-05-26 16:14:13,245 [DEBUG] org.apache.http.wire  - http-outgoing-8 << "{"sessionId":"9654e6e74ef2e7d868f35113293aa60b","status":0,"value":null}"
2017-05-26 16:14:13,245 [DEBUG] org.apache.http.headers  - http-outgoing-8 << HTTP/1.1 200 OK
2017-05-26 16:14:13,245 [DEBUG] org.apache.http.headers  - http-outgoing-8 << Content-Length:72
2017-05-26 16:14:13,245 [DEBUG] org.apache.http.headers  - http-outgoing-8 << Content-Type:application/json; charset=utf-8
2017-05-26 16:14:13,245 [DEBUG] org.apache.http.headers  - http-outgoing-8 << Connection:close
2017-05-26 16:14:13,246 [DEBUG] org.apache.http.impl.conn.DefaultManagedHttpClientConnection  - http-outgoing-8: Close connection
2017-05-26 16:14:13,247 [DEBUG] org.apache.http.impl.execchain.MainClientExec  - Connection discarded
2017-05-26 16:14:13,247 [DEBUG] org.apache.http.impl.conn.PoolingHttpClientConnectionManager  - Connection released: [id: 8][route: {}->http://localhost:27446][total kept alive: 0; route allocated: 0 of 2000; total allocated: 0 of 2000]
2017-05-26 16:14:13,248 [DEBUG] org.apache.http.client.protocol.RequestAddCookies  - CookieSpec selected: default
2017-05-26 16:14:13,248 [DEBUG] org.apache.http.client.protocol.RequestAuthCache  - Auth cache not set in the context
2017-05-26 16:14:13,248 [DEBUG] org.apache.http.impl.conn.PoolingHttpClientConnectionManager  - Connection request: [route: {}->http://localhost:27446][total kept alive: 0; route allocated: 0 of 2000; total allocated: 0 of 2000]
2017-05-26 16:14:13,248 [DEBUG] org.apache.http.impl.conn.PoolingHttpClientConnectionManager  - Connection leased: [id: 9][route: {}->http://localhost:27446][total kept alive: 0; route allocated: 1 of 2000; total allocated: 1 of 2000]
2017-05-26 16:14:13,248 [DEBUG] org.apache.http.impl.execchain.MainClientExec  - Opening connection {}->http://localhost:27446
2017-05-26 16:14:13,248 [DEBUG] org.apache.http.impl.conn.DefaultHttpClientConnectionOperator  - Connecting to localhost/127.0.0.1:27446
2017-05-26 16:14:13,249 [DEBUG] org.apache.http.impl.conn.DefaultHttpClientConnectionOperator  - Connection established 127.0.0.1:58126<->127.0.0.1:27446
2017-05-26 16:14:13,249 [DEBUG] org.apache.http.impl.conn.DefaultManagedHttpClientConnection  - http-outgoing-9: set socket timeout to 10800000
2017-05-26 16:14:13,249 [DEBUG] org.apache.http.impl.execchain.MainClientExec  - Executing request POST /session/9654e6e74ef2e7d868f35113293aa60b/element HTTP/1.1
2017-05-26 16:14:13,249 [DEBUG] org.apache.http.impl.execchain.MainClientExec  - Target auth state: UNCHALLENGED
2017-05-26 16:14:13,249 [DEBUG] org.apache.http.impl.execchain.MainClientExec  - Proxy auth state: UNCHALLENGED
2017-05-26 16:14:13,249 [DEBUG] org.apache.http.headers  - http-outgoing-9 >> POST /session/9654e6e74ef2e7d868f35113293aa60b/element HTTP/1.1
2017-05-26 16:14:13,249 [DEBUG] org.apache.http.headers  - http-outgoing-9 >> Content-Type: application/json; charset=utf-8
2017-05-26 16:14:13,249 [DEBUG] org.apache.http.headers  - http-outgoing-9 >> Content-Length: 48
2017-05-26 16:14:13,249 [DEBUG] org.apache.http.headers  - http-outgoing-9 >> Host: localhost:27446
2017-05-26 16:14:13,249 [DEBUG] org.apache.http.headers  - http-outgoing-9 >> Connection: Keep-Alive
2017-05-26 16:14:13,249 [DEBUG] org.apache.http.headers  - http-outgoing-9 >> User-Agent: Apache-HttpClient/4.5.2 (Java/1.8.0_131)
2017-05-26 16:14:13,249 [DEBUG] org.apache.http.headers  - http-outgoing-9 >> Accept-Encoding: gzip,deflate
2017-05-26 16:14:13,249 [DEBUG] org.apache.http.wire  - http-outgoing-9 >> "POST /session/9654e6e74ef2e7d868f35113293aa60b/element HTTP/1.1[\r][\n]"
2017-05-26 16:14:13,249 [DEBUG] org.apache.http.wire  - http-outgoing-9 >> "Content-Type: application/json; charset=utf-8[\r][\n]"
2017-05-26 16:14:13,249 [DEBUG] org.apache.http.wire  - http-outgoing-9 >> "Content-Length: 48[\r][\n]"
2017-05-26 16:14:13,249 [DEBUG] org.apache.http.wire  - http-outgoing-9 >> "Host: localhost:27446[\r][\n]"
2017-05-26 16:14:13,250 [DEBUG] org.apache.http.wire  - http-outgoing-9 >> "Connection: Keep-Alive[\r][\n]"
2017-05-26 16:14:13,250 [DEBUG] org.apache.http.wire  - http-outgoing-9 >> "User-Agent: Apache-HttpClient/4.5.2 (Java/1.8.0_131)[\r][\n]"
2017-05-26 16:14:13,250 [DEBUG] org.apache.http.wire  - http-outgoing-9 >> "Accept-Encoding: gzip,deflate[\r][\n]"
2017-05-26 16:14:13,250 [DEBUG] org.apache.http.wire  - http-outgoing-9 >> "[\r][\n]"
2017-05-26 16:14:13,250 [DEBUG] org.apache.http.wire  - http-outgoing-9 >> "{"using":"xpath","value":".//*[@id='btnLogin']"}"
2017-05-26 16:14:13,331 [DEBUG] org.apache.http.wire  - http-outgoing-9 << "HTTP/1.1 200 OK[\r][\n]"
2017-05-26 16:14:13,331 [DEBUG] org.apache.http.wire  - http-outgoing-9 << "Content-Length:102[\r][\n]"
2017-05-26 16:14:13,331 [DEBUG] org.apache.http.wire  - http-outgoing-9 << "Content-Type:application/json; charset=utf-8[\r][\n]"
2017-05-26 16:14:13,331 [DEBUG] org.apache.http.wire  - http-outgoing-9 << "Connection:close[\r][\n]"
2017-05-26 16:14:13,331 [DEBUG] org.apache.http.wire  - http-outgoing-9 << "[\r][\n]"
2017-05-26 16:14:13,331 [DEBUG] org.apache.http.wire  - http-outgoing-9 << "{"sessionId":"9654e6e74ef2e7d868f35113293aa60b","status":0,"value":{"ELEMENT":"0.8637147772983504-4"}}"
2017-05-26 16:14:13,331 [DEBUG] org.apache.http.headers  - http-outgoing-9 << HTTP/1.1 200 OK
2017-05-26 16:14:13,331 [DEBUG] org.apache.http.headers  - http-outgoing-9 << Content-Length:102
2017-05-26 16:14:13,331 [DEBUG] org.apache.http.headers  - http-outgoing-9 << Content-Type:application/json; charset=utf-8
2017-05-26 16:14:13,331 [DEBUG] org.apache.http.headers  - http-outgoing-9 << Connection:close
2017-05-26 16:14:13,333 [DEBUG] org.apache.http.impl.conn.DefaultManagedHttpClientConnection  - http-outgoing-9: Close connection
2017-05-26 16:14:13,333 [DEBUG] org.apache.http.impl.execchain.MainClientExec  - Connection discarded
2017-05-26 16:14:13,333 [DEBUG] org.apache.http.impl.conn.PoolingHttpClientConnectionManager  - Connection released: [id: 9][route: {}->http://localhost:27446][total kept alive: 0; route allocated: 0 of 2000; total allocated: 0 of 2000]
2017-05-26 16:14:13,338 [DEBUG] org.apache.http.client.protocol.RequestAddCookies  - CookieSpec selected: default
2017-05-26 16:14:13,338 [DEBUG] org.apache.http.client.protocol.RequestAuthCache  - Auth cache not set in the context
2017-05-26 16:14:13,338 [DEBUG] org.apache.http.impl.conn.PoolingHttpClientConnectionManager  - Connection request: [route: {}->http://localhost:27446][total kept alive: 0; route allocated: 0 of 2000; total allocated: 0 of 2000]
2017-05-26 16:14:13,338 [DEBUG] org.apache.http.impl.conn.PoolingHttpClientConnectionManager  - Connection leased: [id: 10][route: {}->http://localhost:27446][total kept alive: 0; route allocated: 1 of 2000; total allocated: 1 of 2000]
2017-05-26 16:14:13,338 [DEBUG] org.apache.http.impl.execchain.MainClientExec  - Opening connection {}->http://localhost:27446
2017-05-26 16:14:13,338 [DEBUG] org.apache.http.impl.conn.DefaultHttpClientConnectionOperator  - Connecting to localhost/127.0.0.1:27446
2017-05-26 16:14:13,339 [DEBUG] org.apache.http.impl.conn.DefaultHttpClientConnectionOperator  - Connection established 127.0.0.1:58127<->127.0.0.1:27446
2017-05-26 16:14:13,339 [DEBUG] org.apache.http.impl.conn.DefaultManagedHttpClientConnection  - http-outgoing-10: set socket timeout to 10800000
2017-05-26 16:14:13,339 [DEBUG] org.apache.http.impl.execchain.MainClientExec  - Executing request POST /session/9654e6e74ef2e7d868f35113293aa60b/element/0.8637147772983504-4/click HTTP/1.1
2017-05-26 16:14:13,339 [DEBUG] org.apache.http.impl.execchain.MainClientExec  - Target auth state: UNCHALLENGED
2017-05-26 16:14:13,339 [DEBUG] org.apache.http.impl.execchain.MainClientExec  - Proxy auth state: UNCHALLENGED
2017-05-26 16:14:13,339 [DEBUG] org.apache.http.headers  - http-outgoing-10 >> POST /session/9654e6e74ef2e7d868f35113293aa60b/element/0.8637147772983504-4/click HTTP/1.1
2017-05-26 16:14:13,339 [DEBUG] org.apache.http.headers  - http-outgoing-10 >> Content-Type: application/json; charset=utf-8
2017-05-26 16:14:13,339 [DEBUG] org.apache.http.headers  - http-outgoing-10 >> Content-Length: 29
2017-05-26 16:14:13,339 [DEBUG] org.apache.http.headers  - http-outgoing-10 >> Host: localhost:27446
2017-05-26 16:14:13,339 [DEBUG] org.apache.http.headers  - http-outgoing-10 >> Connection: Keep-Alive
2017-05-26 16:14:13,339 [DEBUG] org.apache.http.headers  - http-outgoing-10 >> User-Agent: Apache-HttpClient/4.5.2 (Java/1.8.0_131)
2017-05-26 16:14:13,339 [DEBUG] org.apache.http.headers  - http-outgoing-10 >> Accept-Encoding: gzip,deflate
2017-05-26 16:14:13,339 [DEBUG] org.apache.http.wire  - http-outgoing-10 >> "POST /session/9654e6e74ef2e7d868f35113293aa60b/element/0.8637147772983504-4/click HTTP/1.1[\r][\n]"
2017-05-26 16:14:13,339 [DEBUG] org.apache.http.wire  - http-outgoing-10 >> "Content-Type: application/json; charset=utf-8[\r][\n]"
2017-05-26 16:14:13,339 [DEBUG] org.apache.http.wire  - http-outgoing-10 >> "Content-Length: 29[\r][\n]"
2017-05-26 16:14:13,339 [DEBUG] org.apache.http.wire  - http-outgoing-10 >> "Host: localhost:27446[\r][\n]"
2017-05-26 16:14:13,339 [DEBUG] org.apache.http.wire  - http-outgoing-10 >> "Connection: Keep-Alive[\r][\n]"
2017-05-26 16:14:13,340 [DEBUG] org.apache.http.wire  - http-outgoing-10 >> "User-Agent: Apache-HttpClient/4.5.2 (Java/1.8.0_131)[\r][\n]"
2017-05-26 16:14:13,340 [DEBUG] org.apache.http.wire  - http-outgoing-10 >> "Accept-Encoding: gzip,deflate[\r][\n]"
2017-05-26 16:14:13,340 [DEBUG] org.apache.http.wire  - http-outgoing-10 >> "[\r][\n]"
2017-05-26 16:14:13,340 [DEBUG] org.apache.http.wire  - http-outgoing-10 >> "{"id":"0.8637147772983504-4"}"
2017-05-26 16:14:19,709 [DEBUG] org.apache.http.wire  - http-outgoing-10 << "HTTP/1.1 200 OK[\r][\n]"
2017-05-26 16:14:19,709 [DEBUG] org.apache.http.wire  - http-outgoing-10 << "Content-Length:72[\r][\n]"
2017-05-26 16:14:19,709 [DEBUG] org.apache.http.wire  - http-outgoing-10 << "Content-Type:application/json; charset=utf-8[\r][\n]"
2017-05-26 16:14:19,709 [DEBUG] org.apache.http.wire  - http-outgoing-10 << "Connection:close[\r][\n]"
2017-05-26 16:14:19,709 [DEBUG] org.apache.http.wire  - http-outgoing-10 << "[\r][\n]"
2017-05-26 16:14:19,709 [DEBUG] org.apache.http.wire  - http-outgoing-10 << "{"sessionId":"9654e6e74ef2e7d868f35113293aa60b","status":0,"value":null}"
2017-05-26 16:14:19,709 [DEBUG] org.apache.http.headers  - http-outgoing-10 << HTTP/1.1 200 OK
2017-05-26 16:14:19,709 [DEBUG] org.apache.http.headers  - http-outgoing-10 << Content-Length:72
2017-05-26 16:14:19,709 [DEBUG] org.apache.http.headers  - http-outgoing-10 << Content-Type:application/json; charset=utf-8
2017-05-26 16:14:19,709 [DEBUG] org.apache.http.headers  - http-outgoing-10 << Connection:close
2017-05-26 16:14:19,710 [DEBUG] org.apache.http.impl.conn.DefaultManagedHttpClientConnection  - http-outgoing-10: Close connection
2017-05-26 16:14:19,710 [DEBUG] org.apache.http.impl.execchain.MainClientExec  - Connection discarded
2017-05-26 16:14:19,710 [DEBUG] org.apache.http.impl.conn.PoolingHttpClientConnectionManager  - Connection released: [id: 10][route: {}->http://localhost:27446][total kept alive: 0; route allocated: 0 of 2000; total allocated: 0 of 2000]
2017-05-26 16:14:19,723 [DEBUG] org.apache.http.client.protocol.RequestAddCookies  - CookieSpec selected: default
2017-05-26 16:14:19,723 [DEBUG] org.apache.http.client.protocol.RequestAuthCache  - Auth cache not set in the context
2017-05-26 16:14:19,723 [DEBUG] org.apache.http.impl.conn.PoolingHttpClientConnectionManager  - Connection request: [route: {}->http://localhost:27446][total kept alive: 0; route allocated: 0 of 2000; total allocated: 0 of 2000]
2017-05-26 16:14:19,723 [DEBUG] org.apache.http.impl.conn.PoolingHttpClientConnectionManager  - Connection leased: [id: 11][route: {}->http://localhost:27446][total kept alive: 0; route allocated: 1 of 2000; total allocated: 1 of 2000]
2017-05-26 16:14:19,723 [DEBUG] org.apache.http.impl.execchain.MainClientExec  - Opening connection {}->http://localhost:27446
2017-05-26 16:14:19,723 [DEBUG] org.apache.http.impl.conn.DefaultHttpClientConnectionOperator  - Connecting to localhost/127.0.0.1:27446
2017-05-26 16:14:19,724 [DEBUG] org.apache.http.impl.conn.DefaultHttpClientConnectionOperator  - Connection established 127.0.0.1:58129<->127.0.0.1:27446
2017-05-26 16:14:19,724 [DEBUG] org.apache.http.impl.conn.DefaultManagedHttpClientConnection  - http-outgoing-11: set socket timeout to 10800000
2017-05-26 16:14:19,724 [DEBUG] org.apache.http.impl.execchain.MainClientExec  - Executing request POST /session/9654e6e74ef2e7d868f35113293aa60b/elements HTTP/1.1
2017-05-26 16:14:19,724 [DEBUG] org.apache.http.impl.execchain.MainClientExec  - Target auth state: UNCHALLENGED
2017-05-26 16:14:19,724 [DEBUG] org.apache.http.impl.execchain.MainClientExec  - Proxy auth state: UNCHALLENGED
2017-05-26 16:14:19,724 [DEBUG] org.apache.http.headers  - http-outgoing-11 >> POST /session/9654e6e74ef2e7d868f35113293aa60b/elements HTTP/1.1
2017-05-26 16:14:19,724 [DEBUG] org.apache.http.headers  - http-outgoing-11 >> Content-Type: application/json; charset=utf-8
2017-05-26 16:14:19,724 [DEBUG] org.apache.http.headers  - http-outgoing-11 >> Content-Length: 87
2017-05-26 16:14:19,724 [DEBUG] org.apache.http.headers  - http-outgoing-11 >> Host: localhost:27446
2017-05-26 16:14:19,724 [DEBUG] org.apache.http.headers  - http-outgoing-11 >> Connection: Keep-Alive
2017-05-26 16:14:19,724 [DEBUG] org.apache.http.headers  - http-outgoing-11 >> User-Agent: Apache-HttpClient/4.5.2 (Java/1.8.0_131)
2017-05-26 16:14:19,724 [DEBUG] org.apache.http.headers  - http-outgoing-11 >> Accept-Encoding: gzip,deflate
2017-05-26 16:14:19,724 [DEBUG] org.apache.http.wire  - http-outgoing-11 >> "POST /session/9654e6e74ef2e7d868f35113293aa60b/elements HTTP/1.1[\r][\n]"
2017-05-26 16:14:19,724 [DEBUG] org.apache.http.wire  - http-outgoing-11 >> "Content-Type: application/json; charset=utf-8[\r][\n]"
2017-05-26 16:14:19,724 [DEBUG] org.apache.http.wire  - http-outgoing-11 >> "Content-Length: 87[\r][\n]"
2017-05-26 16:14:19,724 [DEBUG] org.apache.http.wire  - http-outgoing-11 >> "Host: localhost:27446[\r][\n]"
2017-05-26 16:14:19,724 [DEBUG] org.apache.http.wire  - http-outgoing-11 >> "Connection: Keep-Alive[\r][\n]"
2017-05-26 16:14:19,724 [DEBUG] org.apache.http.wire  - http-outgoing-11 >> "User-Agent: Apache-HttpClient/4.5.2 (Java/1.8.0_131)[\r][\n]"
2017-05-26 16:14:19,724 [DEBUG] org.apache.http.wire  - http-outgoing-11 >> "Accept-Encoding: gzip,deflate[\r][\n]"
2017-05-26 16:14:19,724 [DEBUG] org.apache.http.wire  - http-outgoing-11 >> "[\r][\n]"
2017-05-26 16:14:19,724 [DEBUG] org.apache.http.wire  - http-outgoing-11 >> "{"using":"css selector","value":"frame[name='ifrmListing'],iframe[name='ifrmListing']"}"
2017-05-26 16:14:19,815 [DEBUG] org.apache.http.wire  - http-outgoing-11 << "HTTP/1.1 200 OK[\r][\n]"
2017-05-26 16:14:19,815 [DEBUG] org.apache.http.wire  - http-outgoing-11 << "Content-Length:70[\r][\n]"
2017-05-26 16:14:19,815 [DEBUG] org.apache.http.wire  - http-outgoing-11 << "Content-Type:application/json; charset=utf-8[\r][\n]"
2017-05-26 16:14:19,815 [DEBUG] org.apache.http.wire  - http-outgoing-11 << "Connection:close[\r][\n]"
2017-05-26 16:14:19,815 [DEBUG] org.apache.http.wire  - http-outgoing-11 << "[\r][\n]"
2017-05-26 16:14:19,815 [DEBUG] org.apache.http.wire  - http-outgoing-11 << "{"sessionId":"9654e6e74ef2e7d868f35113293aa60b","status":0,"value":[]}"
2017-05-26 16:14:19,815 [DEBUG] org.apache.http.headers  - http-outgoing-11 << HTTP/1.1 200 OK
2017-05-26 16:14:19,815 [DEBUG] org.apache.http.headers  - http-outgoing-11 << Content-Length:70
2017-05-26 16:14:19,816 [DEBUG] org.apache.http.headers  - http-outgoing-11 << Content-Type:application/json; charset=utf-8
2017-05-26 16:14:19,816 [DEBUG] org.apache.http.headers  - http-outgoing-11 << Connection:close
2017-05-26 16:14:19,817 [DEBUG] org.apache.http.impl.conn.DefaultManagedHttpClientConnection  - http-outgoing-11: Close connection
2017-05-26 16:14:19,817 [DEBUG] org.apache.http.impl.execchain.MainClientExec  - Connection discarded
2017-05-26 16:14:19,817 [DEBUG] org.apache.http.impl.conn.PoolingHttpClientConnectionManager  - Connection released: [id: 11][route: {}->http://localhost:27446][total kept alive: 0; route allocated: 0 of 2000; total allocated: 0 of 2000]
2017-05-26 16:14:19,826 [DEBUG] org.apache.http.client.protocol.RequestAddCookies  - CookieSpec selected: default
2017-05-26 16:14:19,826 [DEBUG] org.apache.http.client.protocol.RequestAuthCache  - Auth cache not set in the context
2017-05-26 16:14:19,826 [DEBUG] org.apache.http.impl.conn.PoolingHttpClientConnectionManager  - Connection request: [route: {}->http://localhost:27446][total kept alive: 0; route allocated: 0 of 2000; total allocated: 0 of 2000]
2017-05-26 16:14:19,826 [DEBUG] org.apache.http.impl.conn.PoolingHttpClientConnectionManager  - Connection leased: [id: 12][route: {}->http://localhost:27446][total kept alive: 0; route allocated: 1 of 2000; total allocated: 1 of 2000]
2017-05-26 16:14:19,827 [DEBUG] org.apache.http.impl.execchain.MainClientExec  - Opening connection {}->http://localhost:27446
2017-05-26 16:14:19,827 [DEBUG] org.apache.http.impl.conn.DefaultHttpClientConnectionOperator  - Connecting to localhost/127.0.0.1:27446
2017-05-26 16:14:19,828 [DEBUG] org.apache.http.impl.conn.DefaultHttpClientConnectionOperator  - Connection established 127.0.0.1:58130<->127.0.0.1:27446
2017-05-26 16:14:19,828 [DEBUG] org.apache.http.impl.conn.DefaultManagedHttpClientConnection  - http-outgoing-12: set socket timeout to 10800000
2017-05-26 16:14:19,828 [DEBUG] org.apache.http.impl.execchain.MainClientExec  - Executing request POST /session/9654e6e74ef2e7d868f35113293aa60b/elements HTTP/1.1
2017-05-26 16:14:19,828 [DEBUG] org.apache.http.impl.execchain.MainClientExec  - Target auth state: UNCHALLENGED
2017-05-26 16:14:19,828 [DEBUG] org.apache.http.impl.execchain.MainClientExec  - Proxy auth state: UNCHALLENGED
2017-05-26 16:14:19,828 [DEBUG] org.apache.http.headers  - http-outgoing-12 >> POST /session/9654e6e74ef2e7d868f35113293aa60b/elements HTTP/1.1
2017-05-26 16:14:19,828 [DEBUG] org.apache.http.headers  - http-outgoing-12 >> Content-Type: application/json; charset=utf-8
2017-05-26 16:14:19,828 [DEBUG] org.apache.http.headers  - http-outgoing-12 >> Content-Length: 71
2017-05-26 16:14:19,828 [DEBUG] org.apache.http.headers  - http-outgoing-12 >> Host: localhost:27446
2017-05-26 16:14:19,828 [DEBUG] org.apache.http.headers  - http-outgoing-12 >> Connection: Keep-Alive
2017-05-26 16:14:19,828 [DEBUG] org.apache.http.headers  - http-outgoing-12 >> User-Agent: Apache-HttpClient/4.5.2 (Java/1.8.0_131)
2017-05-26 16:14:19,828 [DEBUG] org.apache.http.headers  - http-outgoing-12 >> Accept-Encoding: gzip,deflate
2017-05-26 16:14:19,828 [DEBUG] org.apache.http.wire  - http-outgoing-12 >> "POST /session/9654e6e74ef2e7d868f35113293aa60b/elements HTTP/1.1[\r][\n]"
2017-05-26 16:14:19,828 [DEBUG] org.apache.http.wire  - http-outgoing-12 >> "Content-Type: application/json; charset=utf-8[\r][\n]"
2017-05-26 16:14:19,828 [DEBUG] org.apache.http.wire  - http-outgoing-12 >> "Content-Length: 71[\r][\n]"
2017-05-26 16:14:19,828 [DEBUG] org.apache.http.wire  - http-outgoing-12 >> "Host: localhost:27446[\r][\n]"
2017-05-26 16:14:19,828 [DEBUG] org.apache.http.wire  - http-outgoing-12 >> "Connection: Keep-Alive[\r][\n]"
2017-05-26 16:14:19,828 [DEBUG] org.apache.http.wire  - http-outgoing-12 >> "User-Agent: Apache-HttpClient/4.5.2 (Java/1.8.0_131)[\r][\n]"
2017-05-26 16:14:19,828 [DEBUG] org.apache.http.wire  - http-outgoing-12 >> "Accept-Encoding: gzip,deflate[\r][\n]"
2017-05-26 16:14:19,828 [DEBUG] org.apache.http.wire  - http-outgoing-12 >> "[\r][\n]"
2017-05-26 16:14:19,828 [DEBUG] org.apache.http.wire  - http-outgoing-12 >> "{"using":"css selector","value":"frame#ifrmListing,iframe#ifrmListing"}"
2017-05-26 16:14:19,897 [DEBUG] org.apache.http.wire  - http-outgoing-12 << "HTTP/1.1 200 OK[\r][\n]"
2017-05-26 16:14:19,897 [DEBUG] org.apache.http.wire  - http-outgoing-12 << "Content-Length:105[\r][\n]"
2017-05-26 16:14:19,897 [DEBUG] org.apache.http.wire  - http-outgoing-12 << "Content-Type:application/json; charset=utf-8[\r][\n]"
2017-05-26 16:14:19,897 [DEBUG] org.apache.http.wire  - http-outgoing-12 << "Connection:close[\r][\n]"
2017-05-26 16:14:19,897 [DEBUG] org.apache.http.wire  - http-outgoing-12 << "[\r][\n]"
2017-05-26 16:14:19,897 [DEBUG] org.apache.http.wire  - http-outgoing-12 << "{"sessionId":"9654e6e74ef2e7d868f35113293aa60b","status":0,"value":[{"ELEMENT":"0.15434965705072812-1"}]}"
2017-05-26 16:14:19,897 [DEBUG] org.apache.http.headers  - http-outgoing-12 << HTTP/1.1 200 OK
2017-05-26 16:14:19,897 [DEBUG] org.apache.http.headers  - http-outgoing-12 << Content-Length:105
2017-05-26 16:14:19,897 [DEBUG] org.apache.http.headers  - http-outgoing-12 << Content-Type:application/json; charset=utf-8
2017-05-26 16:14:19,897 [DEBUG] org.apache.http.headers  - http-outgoing-12 << Connection:close
2017-05-26 16:14:19,898 [DEBUG] org.apache.http.impl.conn.DefaultManagedHttpClientConnection  - http-outgoing-12: Close connection
2017-05-26 16:14:19,898 [DEBUG] org.apache.http.impl.execchain.MainClientExec  - Connection discarded
2017-05-26 16:14:19,898 [DEBUG] org.apache.http.impl.conn.PoolingHttpClientConnectionManager  - Connection released: [id: 12][route: {}->http://localhost:27446][total kept alive: 0; route allocated: 0 of 2000; total allocated: 0 of 2000]
2017-05-26 16:14:19,902 [DEBUG] org.apache.http.client.protocol.RequestAddCookies  - CookieSpec selected: default
2017-05-26 16:14:19,902 [DEBUG] org.apache.http.client.protocol.RequestAuthCache  - Auth cache not set in the context
2017-05-26 16:14:19,902 [DEBUG] org.apache.http.impl.conn.PoolingHttpClientConnectionManager  - Connection request: [route: {}->http://localhost:27446][total kept alive: 0; route allocated: 0 of 2000; total allocated: 0 of 2000]
2017-05-26 16:14:19,902 [DEBUG] org.apache.http.impl.conn.PoolingHttpClientConnectionManager  - Connection leased: [id: 13][route: {}->http://localhost:27446][total kept alive: 0; route allocated: 1 of 2000; total allocated: 1 of 2000]
2017-05-26 16:14:19,902 [DEBUG] org.apache.http.impl.execchain.MainClientExec  - Opening connection {}->http://localhost:27446
2017-05-26 16:14:19,903 [DEBUG] org.apache.http.impl.conn.DefaultHttpClientConnectionOperator  - Connecting to localhost/127.0.0.1:27446
2017-05-26 16:14:19,903 [DEBUG] org.apache.http.impl.conn.DefaultHttpClientConnectionOperator  - Connection established 127.0.0.1:58131<->127.0.0.1:27446
2017-05-26 16:14:19,903 [DEBUG] org.apache.http.impl.conn.DefaultManagedHttpClientConnection  - http-outgoing-13: set socket timeout to 10800000
2017-05-26 16:14:19,903 [DEBUG] org.apache.http.impl.execchain.MainClientExec  - Executing request POST /session/9654e6e74ef2e7d868f35113293aa60b/frame HTTP/1.1
2017-05-26 16:14:19,903 [DEBUG] org.apache.http.impl.execchain.MainClientExec  - Target auth state: UNCHALLENGED
2017-05-26 16:14:19,903 [DEBUG] org.apache.http.impl.execchain.MainClientExec  - Proxy auth state: UNCHALLENGED
2017-05-26 16:14:19,903 [DEBUG] org.apache.http.headers  - http-outgoing-13 >> POST /session/9654e6e74ef2e7d868f35113293aa60b/frame HTTP/1.1
2017-05-26 16:14:19,903 [DEBUG] org.apache.http.headers  - http-outgoing-13 >> Content-Type: application/json; charset=utf-8
2017-05-26 16:14:19,903 [DEBUG] org.apache.http.headers  - http-outgoing-13 >> Content-Length: 104
2017-05-26 16:14:19,903 [DEBUG] org.apache.http.headers  - http-outgoing-13 >> Host: localhost:27446
2017-05-26 16:14:19,903 [DEBUG] org.apache.http.headers  - http-outgoing-13 >> Connection: Keep-Alive
2017-05-26 16:14:19,903 [DEBUG] org.apache.http.headers  - http-outgoing-13 >> User-Agent: Apache-HttpClient/4.5.2 (Java/1.8.0_131)
2017-05-26 16:14:19,903 [DEBUG] org.apache.http.headers  - http-outgoing-13 >> Accept-Encoding: gzip,deflate
2017-05-26 16:14:19,903 [DEBUG] org.apache.http.wire  - http-outgoing-13 >> "POST /session/9654e6e74ef2e7d868f35113293aa60b/frame HTTP/1.1[\r][\n]"
2017-05-26 16:14:19,904 [DEBUG] org.apache.http.wire  - http-outgoing-13 >> "Content-Type: application/json; charset=utf-8[\r][\n]"
2017-05-26 16:14:19,904 [DEBUG] org.apache.http.wire  - http-outgoing-13 >> "Content-Length: 104[\r][\n]"
2017-05-26 16:14:19,904 [DEBUG] org.apache.http.wire  - http-outgoing-13 >> "Host: localhost:27446[\r][\n]"
2017-05-26 16:14:19,904 [DEBUG] org.apache.http.wire  - http-outgoing-13 >> "Connection: Keep-Alive[\r][\n]"
2017-05-26 16:14:19,904 [DEBUG] org.apache.http.wire  - http-outgoing-13 >> "User-Agent: Apache-HttpClient/4.5.2 (Java/1.8.0_131)[\r][\n]"
2017-05-26 16:14:19,904 [DEBUG] org.apache.http.wire  - http-outgoing-13 >> "Accept-Encoding: gzip,deflate[\r][\n]"
2017-05-26 16:14:19,904 [DEBUG] org.apache.http.wire  - http-outgoing-13 >> "[\r][\n]"
2017-05-26 16:14:19,904 [DEBUG] org.apache.http.wire  - http-outgoing-13 >> "{"id":{"ELEMENT":"0.15434965705072812-1","element-6066-11e4-a52e-4f735466cecf":"0.15434965705072812-1"}}"
2017-05-26 16:14:20,043 [DEBUG] org.apache.http.wire  - http-outgoing-13 << "HTTP/1.1 200 OK[\r][\n]"
2017-05-26 16:14:20,043 [DEBUG] org.apache.http.wire  - http-outgoing-13 << "Content-Length:72[\r][\n]"
2017-05-26 16:14:20,043 [DEBUG] org.apache.http.wire  - http-outgoing-13 << "Content-Type:application/json; charset=utf-8[\r][\n]"
2017-05-26 16:14:20,043 [DEBUG] org.apache.http.wire  - http-outgoing-13 << "Connection:close[\r][\n]"
2017-05-26 16:14:20,043 [DEBUG] org.apache.http.wire  - http-outgoing-13 << "[\r][\n]"
2017-05-26 16:14:20,043 [DEBUG] org.apache.http.wire  - http-outgoing-13 << "{"sessionId":"9654e6e74ef2e7d868f35113293aa60b","status":0,"value":null}"
2017-05-26 16:14:20,044 [DEBUG] org.apache.http.headers  - http-outgoing-13 << HTTP/1.1 200 OK
2017-05-26 16:14:20,044 [DEBUG] org.apache.http.headers  - http-outgoing-13 << Content-Length:72
2017-05-26 16:14:20,044 [DEBUG] org.apache.http.headers  - http-outgoing-13 << Content-Type:application/json; charset=utf-8
2017-05-26 16:14:20,044 [DEBUG] org.apache.http.headers  - http-outgoing-13 << Connection:close
2017-05-26 16:14:20,048 [DEBUG] org.apache.http.impl.conn.DefaultManagedHttpClientConnection  - http-outgoing-13: Close connection
2017-05-26 16:14:20,049 [DEBUG] org.apache.http.impl.execchain.MainClientExec  - Connection discarded
2017-05-26 16:14:20,049 [DEBUG] org.apache.http.impl.conn.PoolingHttpClientConnectionManager  - Connection released: [id: 13][route: {}->http://localhost:27446][total kept alive: 0; route allocated: 0 of 2000; total allocated: 0 of 2000]
2017-05-26 16:14:21,052 [DEBUG] org.apache.http.client.protocol.RequestAddCookies  - CookieSpec selected: default
2017-05-26 16:14:21,052 [DEBUG] org.apache.http.client.protocol.RequestAuthCache  - Auth cache not set in the context
2017-05-26 16:14:21,052 [DEBUG] org.apache.http.impl.conn.PoolingHttpClientConnectionManager  - Connection request: [route: {}->http://localhost:27446][total kept alive: 0; route allocated: 0 of 2000; total allocated: 0 of 2000]
2017-05-26 16:14:21,052 [DEBUG] org.apache.http.impl.conn.PoolingHttpClientConnectionManager  - Connection leased: [id: 14][route: {}->http://localhost:27446][total kept alive: 0; route allocated: 1 of 2000; total allocated: 1 of 2000]
2017-05-26 16:14:21,052 [DEBUG] org.apache.http.impl.execchain.MainClientExec  - Opening connection {}->http://localhost:27446
2017-05-26 16:14:21,052 [DEBUG] org.apache.http.impl.conn.DefaultHttpClientConnectionOperator  - Connecting to localhost/127.0.0.1:27446
2017-05-26 16:14:21,053 [DEBUG] org.apache.http.impl.conn.DefaultHttpClientConnectionOperator  - Connection established 127.0.0.1:58132<->127.0.0.1:27446
2017-05-26 16:14:21,053 [DEBUG] org.apache.http.impl.conn.DefaultManagedHttpClientConnection  - http-outgoing-14: set socket timeout to 10800000
2017-05-26 16:14:21,053 [DEBUG] org.apache.http.impl.execchain.MainClientExec  - Executing request POST /session/9654e6e74ef2e7d868f35113293aa60b/timeouts HTTP/1.1
2017-05-26 16:14:21,053 [DEBUG] org.apache.http.impl.execchain.MainClientExec  - Target auth state: UNCHALLENGED
2017-05-26 16:14:21,053 [DEBUG] org.apache.http.impl.execchain.MainClientExec  - Proxy auth state: UNCHALLENGED
2017-05-26 16:14:21,053 [DEBUG] org.apache.http.headers  - http-outgoing-14 >> POST /session/9654e6e74ef2e7d868f35113293aa60b/timeouts HTTP/1.1
2017-05-26 16:14:21,053 [DEBUG] org.apache.http.headers  - http-outgoing-14 >> Content-Type: application/json; charset=utf-8
2017-05-26 16:14:21,054 [DEBUG] org.apache.http.headers  - http-outgoing-14 >> Content-Length: 30
2017-05-26 16:14:21,054 [DEBUG] org.apache.http.headers  - http-outgoing-14 >> Host: localhost:27446
2017-05-26 16:14:21,054 [DEBUG] org.apache.http.headers  - http-outgoing-14 >> Connection: Keep-Alive
2017-05-26 16:14:21,054 [DEBUG] org.apache.http.headers  - http-outgoing-14 >> User-Agent: Apache-HttpClient/4.5.2 (Java/1.8.0_131)
2017-05-26 16:14:21,054 [DEBUG] org.apache.http.headers  - http-outgoing-14 >> Accept-Encoding: gzip,deflate
2017-05-26 16:14:21,055 [DEBUG] org.apache.http.wire  - http-outgoing-14 >> "POST /session/9654e6e74ef2e7d868f35113293aa60b/timeouts HTTP/1.1[\r][\n]"
2017-05-26 16:14:21,055 [DEBUG] org.apache.http.wire  - http-outgoing-14 >> "Content-Type: application/json; charset=utf-8[\r][\n]"
2017-05-26 16:14:21,055 [DEBUG] org.apache.http.wire  - http-outgoing-14 >> "Content-Length: 30[\r][\n]"
2017-05-26 16:14:21,055 [DEBUG] org.apache.http.wire  - http-outgoing-14 >> "Host: localhost:27446[\r][\n]"
2017-05-26 16:14:21,055 [DEBUG] org.apache.http.wire  - http-outgoing-14 >> "Connection: Keep-Alive[\r][\n]"
2017-05-26 16:14:21,055 [DEBUG] org.apache.http.wire  - http-outgoing-14 >> "User-Agent: Apache-HttpClient/4.5.2 (Java/1.8.0_131)[\r][\n]"
2017-05-26 16:14:21,055 [DEBUG] org.apache.http.wire  - http-outgoing-14 >> "Accept-Encoding: gzip,deflate[\r][\n]"
2017-05-26 16:14:21,055 [DEBUG] org.apache.http.wire  - http-outgoing-14 >> "[\r][\n]"
2017-05-26 16:14:21,055 [DEBUG] org.apache.http.wire  - http-outgoing-14 >> "{"type":"implicit","ms":20000}"
2017-05-26 16:14:21,059 [DEBUG] org.apache.http.wire  - http-outgoing-14 << "HTTP/1.1 200 OK[\r][\n]"
2017-05-26 16:14:21,059 [DEBUG] org.apache.http.wire  - http-outgoing-14 << "Content-Length:72[\r][\n]"
2017-05-26 16:14:21,059 [DEBUG] org.apache.http.wire  - http-outgoing-14 << "Content-Type:application/json; charset=utf-8[\r][\n]"
2017-05-26 16:14:21,059 [DEBUG] org.apache.http.wire  - http-outgoing-14 << "Connection:close[\r][\n]"
2017-05-26 16:14:21,059 [DEBUG] org.apache.http.wire  - http-outgoing-14 << "[\r][\n]"
2017-05-26 16:14:21,059 [DEBUG] org.apache.http.wire  - http-outgoing-14 << "{"sessionId":"9654e6e74ef2e7d868f35113293aa60b","status":0,"value":null}"
2017-05-26 16:14:21,060 [DEBUG] org.apache.http.headers  - http-outgoing-14 << HTTP/1.1 200 OK
2017-05-26 16:14:21,060 [DEBUG] org.apache.http.headers  - http-outgoing-14 << Content-Length:72
2017-05-26 16:14:21,060 [DEBUG] org.apache.http.headers  - http-outgoing-14 << Content-Type:application/json; charset=utf-8
2017-05-26 16:14:21,060 [DEBUG] org.apache.http.headers  - http-outgoing-14 << Connection:close
2017-05-26 16:14:21,060 [DEBUG] org.apache.http.impl.conn.DefaultManagedHttpClientConnection  - http-outgoing-14: Close connection
2017-05-26 16:14:21,060 [DEBUG] org.apache.http.impl.execchain.MainClientExec  - Connection discarded
2017-05-26 16:14:21,061 [DEBUG] org.apache.http.impl.conn.PoolingHttpClientConnectionManager  - Connection released: [id: 14][route: {}->http://localhost:27446][total kept alive: 0; route allocated: 0 of 2000; total allocated: 0 of 2000]
2017-05-26 16:14:21,062 [DEBUG] org.apache.http.client.protocol.RequestAddCookies  - CookieSpec selected: default
2017-05-26 16:14:21,062 [DEBUG] org.apache.http.client.protocol.RequestAuthCache  - Auth cache not set in the context
2017-05-26 16:14:21,062 [DEBUG] org.apache.http.impl.conn.PoolingHttpClientConnectionManager  - Connection request: [route: {}->http://localhost:27446][total kept alive: 0; route allocated: 0 of 2000; total allocated: 0 of 2000]
2017-05-26 16:14:21,063 [DEBUG] org.apache.http.impl.conn.PoolingHttpClientConnectionManager  - Connection leased: [id: 15][route: {}->http://localhost:27446][total kept alive: 0; route allocated: 1 of 2000; total allocated: 1 of 2000]
2017-05-26 16:14:21,063 [DEBUG] org.apache.http.impl.execchain.MainClientExec  - Opening connection {}->http://localhost:27446
2017-05-26 16:14:21,063 [DEBUG] org.apache.http.impl.conn.DefaultHttpClientConnectionOperator  - Connecting to localhost/127.0.0.1:27446
2017-05-26 16:14:21,064 [DEBUG] org.apache.http.impl.conn.DefaultHttpClientConnectionOperator  - Connection established 127.0.0.1:58133<->127.0.0.1:27446
2017-05-26 16:14:21,064 [DEBUG] org.apache.http.impl.conn.DefaultManagedHttpClientConnection  - http-outgoing-15: set socket timeout to 10800000
2017-05-26 16:14:21,064 [DEBUG] org.apache.http.impl.execchain.MainClientExec  - Executing request POST /session/9654e6e74ef2e7d868f35113293aa60b/elements HTTP/1.1
2017-05-26 16:14:21,064 [DEBUG] org.apache.http.impl.execchain.MainClientExec  - Target auth state: UNCHALLENGED
2017-05-26 16:14:21,064 [DEBUG] org.apache.http.impl.execchain.MainClientExec  - Proxy auth state: UNCHALLENGED
2017-05-26 16:14:21,064 [DEBUG] org.apache.http.headers  - http-outgoing-15 >> POST /session/9654e6e74ef2e7d868f35113293aa60b/elements HTTP/1.1
2017-05-26 16:14:21,064 [DEBUG] org.apache.http.headers  - http-outgoing-15 >> Content-Type: application/json; charset=utf-8
2017-05-26 16:14:21,064 [DEBUG] org.apache.http.headers  - http-outgoing-15 >> Content-Length: 99
2017-05-26 16:14:21,064 [DEBUG] org.apache.http.headers  - http-outgoing-15 >> Host: localhost:27446
2017-05-26 16:14:21,064 [DEBUG] org.apache.http.headers  - http-outgoing-15 >> Connection: Keep-Alive
2017-05-26 16:14:21,064 [DEBUG] org.apache.http.headers  - http-outgoing-15 >> User-Agent: Apache-HttpClient/4.5.2 (Java/1.8.0_131)
2017-05-26 16:14:21,064 [DEBUG] org.apache.http.headers  - http-outgoing-15 >> Accept-Encoding: gzip,deflate
2017-05-26 16:14:21,064 [DEBUG] org.apache.http.wire  - http-outgoing-15 >> "POST /session/9654e6e74ef2e7d868f35113293aa60b/elements HTTP/1.1[\r][\n]"
2017-05-26 16:14:21,064 [DEBUG] org.apache.http.wire  - http-outgoing-15 >> "Content-Type: application/json; charset=utf-8[\r][\n]"
2017-05-26 16:14:21,064 [DEBUG] org.apache.http.wire  - http-outgoing-15 >> "Content-Length: 99[\r][\n]"
2017-05-26 16:14:21,064 [DEBUG] org.apache.http.wire  - http-outgoing-15 >> "Host: localhost:27446[\r][\n]"
2017-05-26 16:14:21,064 [DEBUG] org.apache.http.wire  - http-outgoing-15 >> "Connection: Keep-Alive[\r][\n]"
2017-05-26 16:14:21,064 [DEBUG] org.apache.http.wire  - http-outgoing-15 >> "User-Agent: Apache-HttpClient/4.5.2 (Java/1.8.0_131)[\r][\n]"
2017-05-26 16:14:21,064 [DEBUG] org.apache.http.wire  - http-outgoing-15 >> "Accept-Encoding: gzip,deflate[\r][\n]"
2017-05-26 16:14:21,064 [DEBUG] org.apache.http.wire  - http-outgoing-15 >> "[\r][\n]"
2017-05-26 16:14:21,064 [DEBUG] org.apache.http.wire  - http-outgoing-15 >> "{"using":"css selector","value":"frame[name='IframeAddProposal'],iframe[name='IframeAddProposal']"}"
